

Started GET "/assets/rails.png" for 127.0.0.1 at 2013-09-30 18:56:57 -0700
Connecting to database specified by database.yml
Served asset /rails.png - 304 Not Modified (268ms)


Started GET "/movies" for 127.0.0.1 at 2013-09-30 18:57:00 -0700
Processing by MoviesController#index as HTML
Completed 500 Internal Server Error in 2ms

ActiveRecord::StatementInvalid (Could not find table 'movies'):
  app/controllers/movies_controller.rb:10:in `index'


  Rendered /home/saasbook/.rvm/gems/ruby-1.9.3-p448/gems/actionpack-3.2.14/lib/action_dispatch/middleware/templates/rescues/_trace.erb (7.2ms)
  Rendered /home/saasbook/.rvm/gems/ruby-1.9.3-p448/gems/actionpack-3.2.14/lib/action_dispatch/middleware/templates/rescues/_request_and_response.erb (1.9ms)
  Rendered /home/saasbook/.rvm/gems/ruby-1.9.3-p448/gems/actionpack-3.2.14/lib/action_dispatch/middleware/templates/rescues/diagnostics.erb within rescues/layout (209.4ms)
Connecting to database specified by database.yml
Connecting to database specified by database.yml
  [1m[36m (0.2ms)[0m  [1mselect sqlite_version(*)[0m
  [1m[35m (56.2ms)[0m  CREATE TABLE "schema_migrations" ("version" varchar(255) NOT NULL) 
  [1m[36m (37.0ms)[0m  [1mCREATE UNIQUE INDEX "unique_schema_migrations" ON "schema_migrations" ("version")[0m
  [1m[35m (15.7ms)[0m  SELECT "schema_migrations"."version" FROM "schema_migrations" 
Migrating to CreateMovies (20111119180638)
  [1m[36m (0.1ms)[0m  [1mbegin transaction[0m
  [1m[35m (7.9ms)[0m  CREATE TABLE "movies" ("id" INTEGER PRIMARY KEY AUTOINCREMENT NOT NULL, "title" varchar(255), "rating" varchar(255), "description" text, "release_date" datetime, "created_at" datetime NOT NULL, "updated_at" datetime NOT NULL) 
  [1m[36m (1.2ms)[0m  [1mINSERT INTO "schema_migrations" ("version") VALUES ('20111119180638')[0m
  [1m[35m (1.9ms)[0m  commit transaction
  [1m[36m (1.5ms)[0m  [1mSELECT "schema_migrations"."version" FROM "schema_migrations" [0m
Connecting to database specified by database.yml
Connecting to database specified by database.yml
Connecting to database specified by database.yml
  [1m[36m (2.4ms)[0m  [1mSELECT "schema_migrations"."version" FROM "schema_migrations" [0m
Migrating to CreateProjects (20111119180638)
  [1m[35m (0.1ms)[0m  select sqlite_version(*)
  [1m[36m (0.1ms)[0m  [1mSELECT "schema_migrations"."version" FROM "schema_migrations" [0m
Connecting to database specified by database.yml
  [1m[36m (47.7ms)[0m  [1mselect sqlite_version(*)[0m
  [1m[35m (9.7ms)[0m  DROP TABLE "movies"
  [1m[36m (8.1ms)[0m  [1mCREATE TABLE "movies" ("id" INTEGER PRIMARY KEY AUTOINCREMENT NOT NULL, "title" varchar(255), "rating" varchar(255), "description" text, "release_date" datetime, "created_at" datetime NOT NULL, "updated_at" datetime NOT NULL) [0m
  [1m[35m (0.1ms)[0m  SELECT version FROM "schema_migrations"
  [1m[36m (7.2ms)[0m  [1mSELECT "schema_migrations"."version" FROM "schema_migrations" [0m
Connecting to database specified by database.yml
  [1m[36m (49.5ms)[0m  [1mselect sqlite_version(*)[0m
  [1m[35m (5.5ms)[0m  DROP TABLE "movies"
  [1m[36m (6.3ms)[0m  [1mCREATE TABLE "movies" ("id" INTEGER PRIMARY KEY AUTOINCREMENT NOT NULL, "title" varchar(255), "rating" varchar(255), "description" text, "release_date" datetime, "created_at" datetime NOT NULL, "updated_at" datetime NOT NULL) [0m
  [1m[35m (0.1ms)[0m  SELECT version FROM "schema_migrations"
  [1m[36m (2.3ms)[0m  [1mSELECT "schema_migrations"."version" FROM "schema_migrations" [0m
Connecting to database specified by database.yml
  [1m[36m (0.1ms)[0m  [1mselect sqlite_version(*)[0m
  [1m[35m (4.2ms)[0m  CREATE TABLE "schema_migrations" ("version" varchar(255) NOT NULL) 
  [1m[36m (2.3ms)[0m  [1mCREATE UNIQUE INDEX "unique_schema_migrations" ON "schema_migrations" ("version")[0m
  [1m[35m (25.1ms)[0m  SELECT "schema_migrations"."version" FROM "schema_migrations" 
Migrating to CreateProjects (20111119180638)
  [1m[36m (0.1ms)[0m  [1mbegin transaction[0m
  [1m[35m (0.7ms)[0m  CREATE TABLE "projects" ("id" INTEGER PRIMARY KEY AUTOINCREMENT NOT NULL, "title" varchar(255), "user" varchar(255), "description" text, "due_date" datetime, "extended_description" text, "created_at" datetime NOT NULL, "updated_at" datetime NOT NULL) 
  [1m[36m (0.2ms)[0m  [1mINSERT INTO "schema_migrations" ("version") VALUES ('20111119180638')[0m
  [1m[35m (2.1ms)[0m  commit transaction
  [1m[36m (0.1ms)[0m  [1mSELECT "schema_migrations"."version" FROM "schema_migrations" [0m
Connecting to database specified by database.yml
  [1m[36m (46.1ms)[0m  [1mselect sqlite_version(*)[0m
  [1m[35m (7.8ms)[0m  DROP TABLE "projects"
  [1m[36m (1.9ms)[0m  [1mCREATE TABLE "projects" ("id" INTEGER PRIMARY KEY AUTOINCREMENT NOT NULL, "title" varchar(255), "user" varchar(255), "description" text, "due_date" datetime, "extended_description" text, "created_at" datetime NOT NULL, "updated_at" datetime NOT NULL) [0m
  [1m[35m (0.1ms)[0m  SELECT version FROM "schema_migrations"
  [1m[36m (2.3ms)[0m  [1mSELECT "schema_migrations"."version" FROM "schema_migrations" [0m
  [1m[35m (0.2ms)[0m  begin transaction
  [1m[36mSQL (5.4ms)[0m  [1mINSERT INTO "projects" ("created_at", "description", "due_date", "extended_description", "title", "updated_at", "user") VALUES (?, ?, ?, ?, ?, ?, ?)[0m  [["created_at", Tue, 30 Sep 2014 19:22:14 UTC +00:00], ["description", "As a user, I want to be able to create a new user story, so that I can later assign individual features (contained within the user story) to teammates"], ["due_date", Wed, 08 Oct 2014 00:00:00 UTC +00:00], ["extended_description", "Note that a user story may include multiple features, where each feature contains  one or more scenarios. A scenario contains a 3-8 steps."], ["title", "Create new user story"], ["updated_at", Tue, 30 Sep 2014 19:22:14 UTC +00:00], ["user", "Coulson"]]
  [1m[35m (3.1ms)[0m  commit transaction
  [1m[36m (0.2ms)[0m  [1mbegin transaction[0m
  [1m[35mSQL (0.7ms)[0m  INSERT INTO "projects" ("created_at", "description", "due_date", "extended_description", "title", "updated_at", "user") VALUES (?, ?, ?, ?, ?, ?, ?)  [["created_at", Tue, 30 Sep 2014 19:22:14 UTC +00:00], ["description", "As a project manager, I want to create features, so that I can assign individual features to my project team"], ["due_date", Thu, 09 Oct 2014 00:00:00 UTC +00:00], ["extended_description", "A feature is one element of a user story.  It is made up of multiple scenarios, each of which contains 3-8 steps."], ["title", "Create new feature"], ["updated_at", Tue, 30 Sep 2014 19:22:14 UTC +00:00], ["user", "Fitz"]]
  [1m[36m (2.3ms)[0m  [1mcommit transaction[0m
  [1m[35m (0.1ms)[0m  begin transaction
  [1m[36mSQL (0.7ms)[0m  [1mINSERT INTO "projects" ("created_at", "description", "due_date", "extended_description", "title", "updated_at", "user") VALUES (?, ?, ?, ?, ?, ?, ?)[0m  [["created_at", Tue, 30 Sep 2014 19:22:14 UTC +00:00], ["description", "As a project manager, I want to create a scenario, so that I can assign individual scenarios for my project team to implement"], ["due_date", Thu, 09 Oct 2014 00:00:00 UTC +00:00], ["extended_description", "A scenario is one aspect of a feature. It should be able to be completed in 3-8 steps."], ["title", "Create a new scenario"], ["updated_at", Tue, 30 Sep 2014 19:22:14 UTC +00:00], ["user", "Simmons"]]
  [1m[35m (3.8ms)[0m  commit transaction
  [1m[36m (0.1ms)[0m  [1mbegin transaction[0m
  [1m[35mSQL (0.6ms)[0m  INSERT INTO "projects" ("created_at", "description", "due_date", "extended_description", "title", "updated_at", "user") VALUES (?, ?, ?, ?, ?, ?, ?)  [["created_at", Tue, 30 Sep 2014 19:22:14 UTC +00:00], ["description", "As a team member, I want to be able to see existing scenarios, features, and user stories, so that I can accept scenarios or groups of scenarios (perhaps full features)"], ["due_date", Thu, 09 Oct 2014 00:00:00 UTC +00:00], ["extended_description", "No extra data"], ["title", "View all scenarios, features, and user stories"], ["updated_at", Tue, 30 Sep 2014 19:22:14 UTC +00:00], ["user", "Simmons"]]
  [1m[36m (1.7ms)[0m  [1mcommit transaction[0m
  [1m[35m (0.1ms)[0m  begin transaction
  [1m[36mSQL (0.4ms)[0m  [1mINSERT INTO "projects" ("created_at", "description", "due_date", "extended_description", "title", "updated_at", "user") VALUES (?, ?, ?, ?, ?, ?, ?)[0m  [["created_at", Tue, 30 Sep 2014 19:22:14 UTC +00:00], ["description", "As a project manager, I want to edit existing scenarios, features, and user stories, so that I can update all tasks based on new customer feedback, modify due dates, and reassign ownership"], ["due_date", Fri, 10 Oct 2014 00:00:00 UTC +00:00], ["extended_description", "No extra data at this time"], ["title", "Edit scenarios, features, and user stories"], ["updated_at", Tue, 30 Sep 2014 19:22:14 UTC +00:00], ["user", "May"]]
  [1m[35m (2.2ms)[0m  commit transaction
  [1m[36m (0.1ms)[0m  [1mbegin transaction[0m
  [1m[35mSQL (1.5ms)[0m  INSERT INTO "projects" ("created_at", "description", "due_date", "extended_description", "title", "updated_at", "user") VALUES (?, ?, ?, ?, ?, ?, ?)  [["created_at", Tue, 30 Sep 2014 19:22:14 UTC +00:00], ["description", "As a team member, I want to edit existing scenarios, features, and user stories, so that I can update all tasks based on new customer feedback, modify due dates, and relinquish ownership of tasks"], ["due_date", Fri, 10 Oct 2014 00:00:00 UTC +00:00], ["extended_description", "If the project member realizes that they cannot complete a task, they should be able to release the task. Notifications and notes should be sent to the team to let them know there is an issue"], ["title", "Edit scenarios, features, and user stories"], ["updated_at", Tue, 30 Sep 2014 19:22:14 UTC +00:00], ["user", "May"]]
  [1m[36m (2.6ms)[0m  [1mcommit transaction[0m
  [1m[35m (0.1ms)[0m  begin transaction
  [1m[36mSQL (0.6ms)[0m  [1mINSERT INTO "projects" ("created_at", "description", "due_date", "extended_description", "title", "updated_at", "user") VALUES (?, ?, ?, ?, ?, ?, ?)[0m  [["created_at", Tue, 30 Sep 2014 19:22:14 UTC +00:00], ["description", "As a team member, I want to send an announcement to the team about task completion, task hold-ups, and information that is needed, so that I can let my team members know status updates and let them know when issues arise that may jeoporadize the task."], ["due_date", Sat, 11 Oct 2014 00:00:00 UTC +00:00], ["extended_description", "Notifications should be sent via email to team members. All notifications will be sent to all team members."], ["title", "Send notifications to the team"], ["updated_at", Tue, 30 Sep 2014 19:22:14 UTC +00:00], ["user", "Fitz"]]
  [1m[35m (3.0ms)[0m  commit transaction
  [1m[36m (0.1ms)[0m  [1mbegin transaction[0m
  [1m[35mSQL (0.6ms)[0m  INSERT INTO "projects" ("created_at", "description", "due_date", "extended_description", "title", "updated_at", "user") VALUES (?, ?, ?, ?, ?, ?, ?)  [["created_at", Tue, 30 Sep 2014 19:22:15 UTC +00:00], ["description", "As a team member, I want to be able to write notes about each task while I am completing it, so that I can let my team members know, so that my team members know that I am making progress and what decisions and issues I have run into along the way"], ["due_date", Wed, 08 Oct 2014 00:00:00 UTC +00:00], ["extended_description", "Notes will be displayed on screen only.  All team members can see all notes upon logging into the system."], ["title", "Send notes/updates to the team"], ["updated_at", Tue, 30 Sep 2014 19:22:15 UTC +00:00], ["user", "Fitz"]]
  [1m[36m (1.8ms)[0m  [1mcommit transaction[0m


Started GET "/projects" for 127.0.0.1 at 2014-09-30 13:22:29 -0600
Connecting to database specified by database.yml

LoadError (Expected /home/saasbook/Temp2/app/controllers/projects_controller.rb to define ProjectsController):
  activesupport (3.2.14) lib/active_support/dependencies.rb:503:in `load_missing_constant'
  activesupport (3.2.14) lib/active_support/dependencies.rb:192:in `block in const_missing'
  activesupport (3.2.14) lib/active_support/dependencies.rb:190:in `each'
  activesupport (3.2.14) lib/active_support/dependencies.rb:190:in `const_missing'
  activesupport (3.2.14) lib/active_support/inflector/methods.rb:230:in `block in constantize'
  activesupport (3.2.14) lib/active_support/inflector/methods.rb:229:in `each'
  activesupport (3.2.14) lib/active_support/inflector/methods.rb:229:in `constantize'
  activesupport (3.2.14) lib/active_support/dependencies.rb:554:in `get'
  actionpack (3.2.14) lib/action_dispatch/routing/route_set.rb:69:in `controller_reference'
  actionpack (3.2.14) lib/action_dispatch/routing/route_set.rb:54:in `controller'
  actionpack (3.2.14) lib/action_dispatch/routing/route_set.rb:32:in `call'
  journey (1.0.4) lib/journey/router.rb:68:in `block in call'
  journey (1.0.4) lib/journey/router.rb:56:in `each'
  journey (1.0.4) lib/journey/router.rb:56:in `call'
  actionpack (3.2.14) lib/action_dispatch/routing/route_set.rb:608:in `call'
  actionpack (3.2.14) lib/action_dispatch/middleware/best_standards_support.rb:17:in `call'
  rack (1.4.5) lib/rack/etag.rb:23:in `call'
  rack (1.4.5) lib/rack/conditionalget.rb:25:in `call'
  actionpack (3.2.14) lib/action_dispatch/middleware/head.rb:14:in `call'
  actionpack (3.2.14) lib/action_dispatch/middleware/params_parser.rb:21:in `call'
  actionpack (3.2.14) lib/action_dispatch/middleware/flash.rb:242:in `call'
  rack (1.4.5) lib/rack/session/abstract/id.rb:210:in `context'
  rack (1.4.5) lib/rack/session/abstract/id.rb:205:in `call'
  actionpack (3.2.14) lib/action_dispatch/middleware/cookies.rb:341:in `call'
  activerecord (3.2.14) lib/active_record/query_cache.rb:64:in `call'
  activerecord (3.2.14) lib/active_record/connection_adapters/abstract/connection_pool.rb:479:in `call'
  actionpack (3.2.14) lib/action_dispatch/middleware/callbacks.rb:28:in `block in call'
  activesupport (3.2.14) lib/active_support/callbacks.rb:405:in `_run__695100581__call__218904316__callbacks'
  activesupport (3.2.14) lib/active_support/callbacks.rb:405:in `__run_callback'
  activesupport (3.2.14) lib/active_support/callbacks.rb:385:in `_run_call_callbacks'
  activesupport (3.2.14) lib/active_support/callbacks.rb:81:in `run_callbacks'
  actionpack (3.2.14) lib/action_dispatch/middleware/callbacks.rb:27:in `call'
  actionpack (3.2.14) lib/action_dispatch/middleware/reloader.rb:65:in `call'
  actionpack (3.2.14) lib/action_dispatch/middleware/remote_ip.rb:31:in `call'
  actionpack (3.2.14) lib/action_dispatch/middleware/debug_exceptions.rb:16:in `call'
  actionpack (3.2.14) lib/action_dispatch/middleware/show_exceptions.rb:56:in `call'
  railties (3.2.14) lib/rails/rack/logger.rb:32:in `call_app'
  railties (3.2.14) lib/rails/rack/logger.rb:16:in `block in call'
  activesupport (3.2.14) lib/active_support/tagged_logging.rb:22:in `tagged'
  railties (3.2.14) lib/rails/rack/logger.rb:16:in `call'
  actionpack (3.2.14) lib/action_dispatch/middleware/request_id.rb:22:in `call'
  rack (1.4.5) lib/rack/methodoverride.rb:21:in `call'
  rack (1.4.5) lib/rack/runtime.rb:17:in `call'
  activesupport (3.2.14) lib/active_support/cache/strategy/local_cache.rb:72:in `call'
  rack (1.4.5) lib/rack/lock.rb:15:in `call'
  actionpack (3.2.14) lib/action_dispatch/middleware/static.rb:63:in `call'
  railties (3.2.14) lib/rails/engine.rb:484:in `call'
  railties (3.2.14) lib/rails/application.rb:231:in `call'
  rack (1.4.5) lib/rack/content_length.rb:14:in `call'
  railties (3.2.14) lib/rails/rack/log_tailer.rb:17:in `call'
  rack (1.4.5) lib/rack/handler/webrick.rb:59:in `service'
  /home/saasbook/.rvm/rubies/ruby-1.9.3-p448/lib/ruby/1.9.1/webrick/httpserver.rb:138:in `service'
  /home/saasbook/.rvm/rubies/ruby-1.9.3-p448/lib/ruby/1.9.1/webrick/httpserver.rb:94:in `run'
  /home/saasbook/.rvm/rubies/ruby-1.9.3-p448/lib/ruby/1.9.1/webrick/server.rb:191:in `block in start_thread'


  Rendered /home/saasbook/.rvm/gems/ruby-1.9.3-p448/gems/actionpack-3.2.14/lib/action_dispatch/middleware/templates/rescues/_trace.erb (1.5ms)
  Rendered /home/saasbook/.rvm/gems/ruby-1.9.3-p448/gems/actionpack-3.2.14/lib/action_dispatch/middleware/templates/rescues/_request_and_response.erb (27.8ms)
  Rendered /home/saasbook/.rvm/gems/ruby-1.9.3-p448/gems/actionpack-3.2.14/lib/action_dispatch/middleware/templates/rescues/diagnostics.erb within rescues/layout (44.1ms)


Started GET "/projects" for 127.0.0.1 at 2014-09-30 13:22:46 -0600
Processing by ProjectsController#index as HTML
  [1m[36mProject Load (0.4ms)[0m  [1mSELECT "projects".* FROM "projects" [0m
  Rendered projects/index.html.haml within layouts/application (35.6ms)
Compiled application.css  (0ms)  (pid 11948)
Compiled jquery.js  (4ms)  (pid 11948)
Compiled jquery_ujs.js  (7ms)  (pid 11948)
Compiled application.js  (163ms)  (pid 11948)
Completed 200 OK in 354ms (Views: 315.8ms | ActiveRecord: 0.4ms)


Started GET "/assets/application.css?body=1" for 127.0.0.1 at 2014-09-30 13:22:47 -0600
Served asset /application.css - 304 Not Modified (78ms)


Started GET "/assets/application.js?body=1" for 127.0.0.1 at 2014-09-30 13:22:47 -0600
Served asset /application.js - 304 Not Modified (28ms)


Started GET "/assets/jquery.js?body=1" for 127.0.0.1 at 2014-09-30 13:22:47 -0600
Served asset /jquery.js - 304 Not Modified (22ms)


Started GET "/assets/jquery_ujs.js?body=1" for 127.0.0.1 at 2014-09-30 13:22:47 -0600
Served asset /jquery_ujs.js - 304 Not Modified (11ms)


Started GET "/projects/new" for 127.0.0.1 at 2014-09-30 13:22:49 -0600
Processing by ProjectsController#new as HTML
ERROR: compiling _app_views_projects_new_html_haml__92139945__623378318 RAISED /home/saasbook/Temp2/app/views/projects/new.html.haml:11: syntax error, unexpected $undefined, expecting ')'
Function body:           def _app_views_projects_new_html_haml__92139945__623378318(local_assigns, output_buffer)
            _old_virtual_path, @virtual_path = @virtual_path, "projects/new";_old_output_buffer = @output_buffer;;begin;extend Haml::Helpers;_hamlout = @haml_buffer = Haml::Buffer.new(haml_buffer, {:autoclose=>["meta", "img", "link", "br", "hr", "input", "area", "param", "col", "base"], :preserve=>["textarea", "pre", "code"], :attr_wrapper=>"'", :ugly=>false, :format=>:html5, :encoding=>"UTF-8", :escape_html=>true, :escape_attrs=>true, :hyphenate_data_attrs=>true, :cdata=>false});_erbout = _hamlout.buffer;@output_buffer = output_buffer ||= ActionView::OutputBuffer.new rescue nil;;_hamlout.push_text("<h1>Create New Project Task</h1>\n", 0, false);

haml_temp =  form_tag projects_path do
_hamlout.push_text("#{
_hamlout.format_script_false_false_false_true_false_true_false(( label :project, :title, 'Title'
));}\n#{_hamlout.format_script_false_false_false_true_false_true_false(( text_field :project, 'title'
));}\n#{
_hamlout.format_script_false_false_false_true_false_true_false(( label :project, :description, 'Description'
));}\n#{_hamlout.format_script_false_false_false_true_false_true_false(( text_field :project, 'description'
));}\n#{
_hamlout.format_script_false_false_false_true_false_true_false(( label :project, :user, 'Assigned User'$
));}\n#{_hamlout.format_script_false_false_false_true_false_true_false(( select :project, :user, ['Coulson','May','Ward','Skye','Fitz', 'Simmons']$
));}\n#{
_hamlout.format_script_false_false_false_true_false_true_false(( label :project, :due_date, 'Due Date'
));}\n#{_hamlout.format_script_false_false_false_true_false_true_false(( date_select :project, :due_date
));}\n#{
_hamlout.format_script_false_false_false_true_false_true_false(( submit_tag 'Save Changes'
));}\n", 0, false);end;_hamlout.buffer << _hamlout.format_script_false_false_false_true_false_false_false(haml_temp);_hamlout.push_text("\n", 0, false);::Haml::Util.html_safe(_erbout);ensure;@haml_buffer = @haml_buffer.upper if @haml_buffer;end;
          ensure
            @virtual_path, @output_buffer = _old_virtual_path, _old_output_buffer
          end

Backtrace: /home/saasbook/.rvm/gems/ruby-1.9.3-p448/gems/actionpack-3.2.14/lib/action_view/template.rb:297:in `module_eval'
/home/saasbook/.rvm/gems/ruby-1.9.3-p448/gems/actionpack-3.2.14/lib/action_view/template.rb:297:in `compile'
/home/saasbook/.rvm/gems/ruby-1.9.3-p448/gems/actionpack-3.2.14/lib/action_view/template.rb:244:in `block in compile!'
<internal:prelude>:10:in `synchronize'
/home/saasbook/.rvm/gems/ruby-1.9.3-p448/gems/actionpack-3.2.14/lib/action_view/template.rb:232:in `compile!'
/home/saasbook/.rvm/gems/ruby-1.9.3-p448/gems/actionpack-3.2.14/lib/action_view/template.rb:144:in `block in render'
/home/saasbook/.rvm/gems/ruby-1.9.3-p448/gems/activesupport-3.2.14/lib/active_support/notifications.rb:125:in `instrument'
/home/saasbook/.rvm/gems/ruby-1.9.3-p448/gems/actionpack-3.2.14/lib/action_view/template.rb:143:in `render'
/home/saasbook/.rvm/gems/ruby-1.9.3-p448/gems/actionpack-3.2.14/lib/action_view/renderer/template_renderer.rb:48:in `block (2 levels) in render_template'
/home/saasbook/.rvm/gems/ruby-1.9.3-p448/gems/actionpack-3.2.14/lib/action_view/renderer/abstract_renderer.rb:38:in `block in instrument'
/home/saasbook/.rvm/gems/ruby-1.9.3-p448/gems/activesupport-3.2.14/lib/active_support/notifications.rb:123:in `block in instrument'
/home/saasbook/.rvm/gems/ruby-1.9.3-p448/gems/activesupport-3.2.14/lib/active_support/notifications/instrumenter.rb:20:in `instrument'
/home/saasbook/.rvm/gems/ruby-1.9.3-p448/gems/activesupport-3.2.14/lib/active_support/notifications.rb:123:in `instrument'
/home/saasbook/.rvm/gems/ruby-1.9.3-p448/gems/actionpack-3.2.14/lib/action_view/renderer/abstract_renderer.rb:38:in `instrument'
/home/saasbook/.rvm/gems/ruby-1.9.3-p448/gems/actionpack-3.2.14/lib/action_view/renderer/template_renderer.rb:47:in `block in render_template'
/home/saasbook/.rvm/gems/ruby-1.9.3-p448/gems/actionpack-3.2.14/lib/action_view/renderer/template_renderer.rb:55:in `render_with_layout'
/home/saasbook/.rvm/gems/ruby-1.9.3-p448/gems/actionpack-3.2.14/lib/action_view/renderer/template_renderer.rb:46:in `render_template'
/home/saasbook/.rvm/gems/ruby-1.9.3-p448/gems/actionpack-3.2.14/lib/action_view/renderer/template_renderer.rb:19:in `render'
/home/saasbook/.rvm/gems/ruby-1.9.3-p448/gems/actionpack-3.2.14/lib/action_view/renderer/renderer.rb:36:in `render_template'
/home/saasbook/.rvm/gems/ruby-1.9.3-p448/gems/actionpack-3.2.14/lib/action_view/renderer/renderer.rb:17:in `render'
/home/saasbook/.rvm/gems/ruby-1.9.3-p448/gems/actionpack-3.2.14/lib/abstract_controller/rendering.rb:110:in `_render_template'
/home/saasbook/.rvm/gems/ruby-1.9.3-p448/gems/actionpack-3.2.14/lib/action_controller/metal/streaming.rb:225:in `_render_template'
/home/saasbook/.rvm/gems/ruby-1.9.3-p448/gems/actionpack-3.2.14/lib/abstract_controller/rendering.rb:103:in `render_to_body'
/home/saasbook/.rvm/gems/ruby-1.9.3-p448/gems/actionpack-3.2.14/lib/action_controller/metal/renderers.rb:28:in `render_to_body'
/home/saasbook/.rvm/gems/ruby-1.9.3-p448/gems/actionpack-3.2.14/lib/action_controller/metal/compatibility.rb:50:in `render_to_body'
/home/saasbook/.rvm/gems/ruby-1.9.3-p448/gems/actionpack-3.2.14/lib/abstract_controller/rendering.rb:88:in `render'
/home/saasbook/.rvm/gems/ruby-1.9.3-p448/gems/actionpack-3.2.14/lib/action_controller/metal/rendering.rb:16:in `render'
/home/saasbook/.rvm/gems/ruby-1.9.3-p448/gems/actionpack-3.2.14/lib/action_controller/metal/instrumentation.rb:40:in `block (2 levels) in render'
/home/saasbook/.rvm/gems/ruby-1.9.3-p448/gems/activesupport-3.2.14/lib/active_support/core_ext/benchmark.rb:5:in `block in ms'
/home/saasbook/.rvm/rubies/ruby-1.9.3-p448/lib/ruby/1.9.1/benchmark.rb:295:in `realtime'
/home/saasbook/.rvm/gems/ruby-1.9.3-p448/gems/activesupport-3.2.14/lib/active_support/core_ext/benchmark.rb:5:in `ms'
/home/saasbook/.rvm/gems/ruby-1.9.3-p448/gems/actionpack-3.2.14/lib/action_controller/metal/instrumentation.rb:40:in `block in render'
/home/saasbook/.rvm/gems/ruby-1.9.3-p448/gems/actionpack-3.2.14/lib/action_controller/metal/instrumentation.rb:83:in `cleanup_view_runtime'
/home/saasbook/.rvm/gems/ruby-1.9.3-p448/gems/activerecord-3.2.14/lib/active_record/railties/controller_runtime.rb:24:in `cleanup_view_runtime'
/home/saasbook/.rvm/gems/ruby-1.9.3-p448/gems/actionpack-3.2.14/lib/action_controller/metal/instrumentation.rb:39:in `render'
/home/saasbook/.rvm/gems/ruby-1.9.3-p448/gems/actionpack-3.2.14/lib/action_controller/metal/implicit_render.rb:10:in `default_render'
/home/saasbook/.rvm/gems/ruby-1.9.3-p448/gems/actionpack-3.2.14/lib/action_controller/metal/implicit_render.rb:5:in `send_action'
/home/saasbook/.rvm/gems/ruby-1.9.3-p448/gems/actionpack-3.2.14/lib/abstract_controller/base.rb:167:in `process_action'
/home/saasbook/.rvm/gems/ruby-1.9.3-p448/gems/actionpack-3.2.14/lib/action_controller/metal/rendering.rb:10:in `process_action'
/home/saasbook/.rvm/gems/ruby-1.9.3-p448/gems/actionpack-3.2.14/lib/abstract_controller/callbacks.rb:18:in `block in process_action'
/home/saasbook/.rvm/gems/ruby-1.9.3-p448/gems/activesupport-3.2.14/lib/active_support/callbacks.rb:414:in `_run__533156436__process_action__39628012__callbacks'
/home/saasbook/.rvm/gems/ruby-1.9.3-p448/gems/activesupport-3.2.14/lib/active_support/callbacks.rb:405:in `__run_callback'
/home/saasbook/.rvm/gems/ruby-1.9.3-p448/gems/activesupport-3.2.14/lib/active_support/callbacks.rb:385:in `_run_process_action_callbacks'
/home/saasbook/.rvm/gems/ruby-1.9.3-p448/gems/activesupport-3.2.14/lib/active_support/callbacks.rb:81:in `run_callbacks'
/home/saasbook/.rvm/gems/ruby-1.9.3-p448/gems/actionpack-3.2.14/lib/abstract_controller/callbacks.rb:17:in `process_action'
/home/saasbook/.rvm/gems/ruby-1.9.3-p448/gems/actionpack-3.2.14/lib/action_controller/metal/rescue.rb:29:in `process_action'
/home/saasbook/.rvm/gems/ruby-1.9.3-p448/gems/actionpack-3.2.14/lib/action_controller/metal/instrumentation.rb:30:in `block in process_action'
/home/saasbook/.rvm/gems/ruby-1.9.3-p448/gems/activesupport-3.2.14/lib/active_support/notifications.rb:123:in `block in instrument'
/home/saasbook/.rvm/gems/ruby-1.9.3-p448/gems/activesupport-3.2.14/lib/active_support/notifications/instrumenter.rb:20:in `instrument'
/home/saasbook/.rvm/gems/ruby-1.9.3-p448/gems/activesupport-3.2.14/lib/active_support/notifications.rb:123:in `instrument'
/home/saasbook/.rvm/gems/ruby-1.9.3-p448/gems/actionpack-3.2.14/lib/action_controller/metal/instrumentation.rb:29:in `process_action'
/home/saasbook/.rvm/gems/ruby-1.9.3-p448/gems/actionpack-3.2.14/lib/action_controller/metal/params_wrapper.rb:207:in `process_action'
/home/saasbook/.rvm/gems/ruby-1.9.3-p448/gems/activerecord-3.2.14/lib/active_record/railties/controller_runtime.rb:18:in `process_action'
/home/saasbook/.rvm/gems/ruby-1.9.3-p448/gems/actionpack-3.2.14/lib/abstract_controller/base.rb:121:in `process'
/home/saasbook/.rvm/gems/ruby-1.9.3-p448/gems/actionpack-3.2.14/lib/abstract_controller/rendering.rb:45:in `process'
/home/saasbook/.rvm/gems/ruby-1.9.3-p448/gems/actionpack-3.2.14/lib/action_controller/metal.rb:203:in `dispatch'
/home/saasbook/.rvm/gems/ruby-1.9.3-p448/gems/actionpack-3.2.14/lib/action_controller/metal/rack_delegation.rb:14:in `dispatch'
/home/saasbook/.rvm/gems/ruby-1.9.3-p448/gems/actionpack-3.2.14/lib/action_controller/metal.rb:246:in `block in action'
/home/saasbook/.rvm/gems/ruby-1.9.3-p448/gems/actionpack-3.2.14/lib/action_dispatch/routing/route_set.rb:73:in `call'
/home/saasbook/.rvm/gems/ruby-1.9.3-p448/gems/actionpack-3.2.14/lib/action_dispatch/routing/route_set.rb:73:in `dispatch'
/home/saasbook/.rvm/gems/ruby-1.9.3-p448/gems/actionpack-3.2.14/lib/action_dispatch/routing/route_set.rb:36:in `call'
/home/saasbook/.rvm/gems/ruby-1.9.3-p448/gems/journey-1.0.4/lib/journey/router.rb:68:in `block in call'
/home/saasbook/.rvm/gems/ruby-1.9.3-p448/gems/journey-1.0.4/lib/journey/router.rb:56:in `each'
/home/saasbook/.rvm/gems/ruby-1.9.3-p448/gems/journey-1.0.4/lib/journey/router.rb:56:in `call'
/home/saasbook/.rvm/gems/ruby-1.9.3-p448/gems/actionpack-3.2.14/lib/action_dispatch/routing/route_set.rb:608:in `call'
/home/saasbook/.rvm/gems/ruby-1.9.3-p448/gems/actionpack-3.2.14/lib/action_dispatch/middleware/best_standards_support.rb:17:in `call'
/home/saasbook/.rvm/gems/ruby-1.9.3-p448/gems/rack-1.4.5/lib/rack/etag.rb:23:in `call'
/home/saasbook/.rvm/gems/ruby-1.9.3-p448/gems/rack-1.4.5/lib/rack/conditionalget.rb:25:in `call'
/home/saasbook/.rvm/gems/ruby-1.9.3-p448/gems/actionpack-3.2.14/lib/action_dispatch/middleware/head.rb:14:in `call'
/home/saasbook/.rvm/gems/ruby-1.9.3-p448/gems/actionpack-3.2.14/lib/action_dispatch/middleware/params_parser.rb:21:in `call'
/home/saasbook/.rvm/gems/ruby-1.9.3-p448/gems/actionpack-3.2.14/lib/action_dispatch/middleware/flash.rb:242:in `call'
/home/saasbook/.rvm/gems/ruby-1.9.3-p448/gems/rack-1.4.5/lib/rack/session/abstract/id.rb:210:in `context'
/home/saasbook/.rvm/gems/ruby-1.9.3-p448/gems/rack-1.4.5/lib/rack/session/abstract/id.rb:205:in `call'
/home/saasbook/.rvm/gems/ruby-1.9.3-p448/gems/actionpack-3.2.14/lib/action_dispatch/middleware/cookies.rb:341:in `call'
/home/saasbook/.rvm/gems/ruby-1.9.3-p448/gems/activerecord-3.2.14/lib/active_record/query_cache.rb:64:in `call'
/home/saasbook/.rvm/gems/ruby-1.9.3-p448/gems/activerecord-3.2.14/lib/active_record/connection_adapters/abstract/connection_pool.rb:479:in `call'
/home/saasbook/.rvm/gems/ruby-1.9.3-p448/gems/actionpack-3.2.14/lib/action_dispatch/middleware/callbacks.rb:28:in `block in call'
/home/saasbook/.rvm/gems/ruby-1.9.3-p448/gems/activesupport-3.2.14/lib/active_support/callbacks.rb:405:in `_run__695100581__call__218904316__callbacks'
/home/saasbook/.rvm/gems/ruby-1.9.3-p448/gems/activesupport-3.2.14/lib/active_support/callbacks.rb:405:in `__run_callback'
/home/saasbook/.rvm/gems/ruby-1.9.3-p448/gems/activesupport-3.2.14/lib/active_support/callbacks.rb:385:in `_run_call_callbacks'
/home/saasbook/.rvm/gems/ruby-1.9.3-p448/gems/activesupport-3.2.14/lib/active_support/callbacks.rb:81:in `run_callbacks'
/home/saasbook/.rvm/gems/ruby-1.9.3-p448/gems/actionpack-3.2.14/lib/action_dispatch/middleware/callbacks.rb:27:in `call'
/home/saasbook/.rvm/gems/ruby-1.9.3-p448/gems/actionpack-3.2.14/lib/action_dispatch/middleware/reloader.rb:65:in `call'
/home/saasbook/.rvm/gems/ruby-1.9.3-p448/gems/actionpack-3.2.14/lib/action_dispatch/middleware/remote_ip.rb:31:in `call'
/home/saasbook/.rvm/gems/ruby-1.9.3-p448/gems/actionpack-3.2.14/lib/action_dispatch/middleware/debug_exceptions.rb:16:in `call'
/home/saasbook/.rvm/gems/ruby-1.9.3-p448/gems/actionpack-3.2.14/lib/action_dispatch/middleware/show_exceptions.rb:56:in `call'
/home/saasbook/.rvm/gems/ruby-1.9.3-p448/gems/railties-3.2.14/lib/rails/rack/logger.rb:32:in `call_app'
/home/saasbook/.rvm/gems/ruby-1.9.3-p448/gems/railties-3.2.14/lib/rails/rack/logger.rb:16:in `block in call'
/home/saasbook/.rvm/gems/ruby-1.9.3-p448/gems/activesupport-3.2.14/lib/active_support/tagged_logging.rb:22:in `tagged'
/home/saasbook/.rvm/gems/ruby-1.9.3-p448/gems/railties-3.2.14/lib/rails/rack/logger.rb:16:in `call'
/home/saasbook/.rvm/gems/ruby-1.9.3-p448/gems/actionpack-3.2.14/lib/action_dispatch/middleware/request_id.rb:22:in `call'
/home/saasbook/.rvm/gems/ruby-1.9.3-p448/gems/rack-1.4.5/lib/rack/methodoverride.rb:21:in `call'
/home/saasbook/.rvm/gems/ruby-1.9.3-p448/gems/rack-1.4.5/lib/rack/runtime.rb:17:in `call'
/home/saasbook/.rvm/gems/ruby-1.9.3-p448/gems/activesupport-3.2.14/lib/active_support/cache/strategy/local_cache.rb:72:in `call'
/home/saasbook/.rvm/gems/ruby-1.9.3-p448/gems/rack-1.4.5/lib/rack/lock.rb:15:in `call'
/home/saasbook/.rvm/gems/ruby-1.9.3-p448/gems/actionpack-3.2.14/lib/action_dispatch/middleware/static.rb:63:in `call'
/home/saasbook/.rvm/gems/ruby-1.9.3-p448/gems/railties-3.2.14/lib/rails/engine.rb:484:in `call'
/home/saasbook/.rvm/gems/ruby-1.9.3-p448/gems/railties-3.2.14/lib/rails/application.rb:231:in `call'
/home/saasbook/.rvm/gems/ruby-1.9.3-p448/gems/rack-1.4.5/lib/rack/content_length.rb:14:in `call'
/home/saasbook/.rvm/gems/ruby-1.9.3-p448/gems/railties-3.2.14/lib/rails/rack/log_tailer.rb:17:in `call'
/home/saasbook/.rvm/gems/ruby-1.9.3-p448/gems/rack-1.4.5/lib/rack/handler/webrick.rb:59:in `service'
/home/saasbook/.rvm/rubies/ruby-1.9.3-p448/lib/ruby/1.9.1/webrick/httpserver.rb:138:in `service'
/home/saasbook/.rvm/rubies/ruby-1.9.3-p448/lib/ruby/1.9.1/webrick/httpserver.rb:94:in `run'
/home/saasbook/.rvm/rubies/ruby-1.9.3-p448/lib/ruby/1.9.1/webrick/server.rb:191:in `block in start_thread'
  Rendered projects/new.html.haml within layouts/application (57.3ms)
Completed 500 Internal Server Error in 73ms

ActionView::Template::Error (/home/saasbook/Temp2/app/views/projects/new.html.haml:11: syntax error, unexpected $undefined, expecting ')'):
    8:   = label :project, :description, 'Description'
    9:   = text_field :project, 'description'
    10:   
    11:   = label :project, :user, 'Assigned User'$
    12:   = select :project, :user, ['Coulson','May','Ward','Skye','Fitz', 'Simmons']$
    13: 
    14:   = label :project, :due_date, 'Due Date'
  actionpack (3.2.14) lib/action_view/template.rb:297:in `module_eval'
  actionpack (3.2.14) lib/action_view/template.rb:297:in `compile'
  actionpack (3.2.14) lib/action_view/template.rb:244:in `block in compile!'
  <internal:prelude>:10:in `synchronize'
  actionpack (3.2.14) lib/action_view/template.rb:232:in `compile!'
  actionpack (3.2.14) lib/action_view/template.rb:144:in `block in render'
  activesupport (3.2.14) lib/active_support/notifications.rb:125:in `instrument'
  actionpack (3.2.14) lib/action_view/template.rb:143:in `render'
  actionpack (3.2.14) lib/action_view/renderer/template_renderer.rb:48:in `block (2 levels) in render_template'
  actionpack (3.2.14) lib/action_view/renderer/abstract_renderer.rb:38:in `block in instrument'
  activesupport (3.2.14) lib/active_support/notifications.rb:123:in `block in instrument'
  activesupport (3.2.14) lib/active_support/notifications/instrumenter.rb:20:in `instrument'
  activesupport (3.2.14) lib/active_support/notifications.rb:123:in `instrument'
  actionpack (3.2.14) lib/action_view/renderer/abstract_renderer.rb:38:in `instrument'
  actionpack (3.2.14) lib/action_view/renderer/template_renderer.rb:47:in `block in render_template'
  actionpack (3.2.14) lib/action_view/renderer/template_renderer.rb:55:in `render_with_layout'
  actionpack (3.2.14) lib/action_view/renderer/template_renderer.rb:46:in `render_template'
  actionpack (3.2.14) lib/action_view/renderer/template_renderer.rb:19:in `render'
  actionpack (3.2.14) lib/action_view/renderer/renderer.rb:36:in `render_template'
  actionpack (3.2.14) lib/action_view/renderer/renderer.rb:17:in `render'
  actionpack (3.2.14) lib/abstract_controller/rendering.rb:110:in `_render_template'
  actionpack (3.2.14) lib/action_controller/metal/streaming.rb:225:in `_render_template'
  actionpack (3.2.14) lib/abstract_controller/rendering.rb:103:in `render_to_body'
  actionpack (3.2.14) lib/action_controller/metal/renderers.rb:28:in `render_to_body'
  actionpack (3.2.14) lib/action_controller/metal/compatibility.rb:50:in `render_to_body'
  actionpack (3.2.14) lib/abstract_controller/rendering.rb:88:in `render'
  actionpack (3.2.14) lib/action_controller/metal/rendering.rb:16:in `render'
  actionpack (3.2.14) lib/action_controller/metal/instrumentation.rb:40:in `block (2 levels) in render'
  activesupport (3.2.14) lib/active_support/core_ext/benchmark.rb:5:in `block in ms'
  /home/saasbook/.rvm/rubies/ruby-1.9.3-p448/lib/ruby/1.9.1/benchmark.rb:295:in `realtime'
  activesupport (3.2.14) lib/active_support/core_ext/benchmark.rb:5:in `ms'
  actionpack (3.2.14) lib/action_controller/metal/instrumentation.rb:40:in `block in render'
  actionpack (3.2.14) lib/action_controller/metal/instrumentation.rb:83:in `cleanup_view_runtime'
  activerecord (3.2.14) lib/active_record/railties/controller_runtime.rb:24:in `cleanup_view_runtime'
  actionpack (3.2.14) lib/action_controller/metal/instrumentation.rb:39:in `render'
  actionpack (3.2.14) lib/action_controller/metal/implicit_render.rb:10:in `default_render'
  actionpack (3.2.14) lib/action_controller/metal/implicit_render.rb:5:in `send_action'
  actionpack (3.2.14) lib/abstract_controller/base.rb:167:in `process_action'
  actionpack (3.2.14) lib/action_controller/metal/rendering.rb:10:in `process_action'
  actionpack (3.2.14) lib/abstract_controller/callbacks.rb:18:in `block in process_action'
  activesupport (3.2.14) lib/active_support/callbacks.rb:414:in `_run__533156436__process_action__39628012__callbacks'
  activesupport (3.2.14) lib/active_support/callbacks.rb:405:in `__run_callback'
  activesupport (3.2.14) lib/active_support/callbacks.rb:385:in `_run_process_action_callbacks'
  activesupport (3.2.14) lib/active_support/callbacks.rb:81:in `run_callbacks'
  actionpack (3.2.14) lib/abstract_controller/callbacks.rb:17:in `process_action'
  actionpack (3.2.14) lib/action_controller/metal/rescue.rb:29:in `process_action'
  actionpack (3.2.14) lib/action_controller/metal/instrumentation.rb:30:in `block in process_action'
  activesupport (3.2.14) lib/active_support/notifications.rb:123:in `block in instrument'
  activesupport (3.2.14) lib/active_support/notifications/instrumenter.rb:20:in `instrument'
  activesupport (3.2.14) lib/active_support/notifications.rb:123:in `instrument'
  actionpack (3.2.14) lib/action_controller/metal/instrumentation.rb:29:in `process_action'
  actionpack (3.2.14) lib/action_controller/metal/params_wrapper.rb:207:in `process_action'
  activerecord (3.2.14) lib/active_record/railties/controller_runtime.rb:18:in `process_action'
  actionpack (3.2.14) lib/abstract_controller/base.rb:121:in `process'
  actionpack (3.2.14) lib/abstract_controller/rendering.rb:45:in `process'
  actionpack (3.2.14) lib/action_controller/metal.rb:203:in `dispatch'
  actionpack (3.2.14) lib/action_controller/metal/rack_delegation.rb:14:in `dispatch'
  actionpack (3.2.14) lib/action_controller/metal.rb:246:in `block in action'
  actionpack (3.2.14) lib/action_dispatch/routing/route_set.rb:73:in `call'
  actionpack (3.2.14) lib/action_dispatch/routing/route_set.rb:73:in `dispatch'
  actionpack (3.2.14) lib/action_dispatch/routing/route_set.rb:36:in `call'
  journey (1.0.4) lib/journey/router.rb:68:in `block in call'
  journey (1.0.4) lib/journey/router.rb:56:in `each'
  journey (1.0.4) lib/journey/router.rb:56:in `call'
  actionpack (3.2.14) lib/action_dispatch/routing/route_set.rb:608:in `call'
  actionpack (3.2.14) lib/action_dispatch/middleware/best_standards_support.rb:17:in `call'
  rack (1.4.5) lib/rack/etag.rb:23:in `call'
  rack (1.4.5) lib/rack/conditionalget.rb:25:in `call'
  actionpack (3.2.14) lib/action_dispatch/middleware/head.rb:14:in `call'
  actionpack (3.2.14) lib/action_dispatch/middleware/params_parser.rb:21:in `call'
  actionpack (3.2.14) lib/action_dispatch/middleware/flash.rb:242:in `call'
  rack (1.4.5) lib/rack/session/abstract/id.rb:210:in `context'
  rack (1.4.5) lib/rack/session/abstract/id.rb:205:in `call'
  actionpack (3.2.14) lib/action_dispatch/middleware/cookies.rb:341:in `call'
  activerecord (3.2.14) lib/active_record/query_cache.rb:64:in `call'
  activerecord (3.2.14) lib/active_record/connection_adapters/abstract/connection_pool.rb:479:in `call'
  actionpack (3.2.14) lib/action_dispatch/middleware/callbacks.rb:28:in `block in call'
  activesupport (3.2.14) lib/active_support/callbacks.rb:405:in `_run__695100581__call__218904316__callbacks'
  activesupport (3.2.14) lib/active_support/callbacks.rb:405:in `__run_callback'
  activesupport (3.2.14) lib/active_support/callbacks.rb:385:in `_run_call_callbacks'
  activesupport (3.2.14) lib/active_support/callbacks.rb:81:in `run_callbacks'
  actionpack (3.2.14) lib/action_dispatch/middleware/callbacks.rb:27:in `call'
  actionpack (3.2.14) lib/action_dispatch/middleware/reloader.rb:65:in `call'
  actionpack (3.2.14) lib/action_dispatch/middleware/remote_ip.rb:31:in `call'
  actionpack (3.2.14) lib/action_dispatch/middleware/debug_exceptions.rb:16:in `call'
  actionpack (3.2.14) lib/action_dispatch/middleware/show_exceptions.rb:56:in `call'
  railties (3.2.14) lib/rails/rack/logger.rb:32:in `call_app'
  railties (3.2.14) lib/rails/rack/logger.rb:16:in `block in call'
  activesupport (3.2.14) lib/active_support/tagged_logging.rb:22:in `tagged'
  railties (3.2.14) lib/rails/rack/logger.rb:16:in `call'
  actionpack (3.2.14) lib/action_dispatch/middleware/request_id.rb:22:in `call'
  rack (1.4.5) lib/rack/methodoverride.rb:21:in `call'
  rack (1.4.5) lib/rack/runtime.rb:17:in `call'
  activesupport (3.2.14) lib/active_support/cache/strategy/local_cache.rb:72:in `call'
  rack (1.4.5) lib/rack/lock.rb:15:in `call'
  actionpack (3.2.14) lib/action_dispatch/middleware/static.rb:63:in `call'
  railties (3.2.14) lib/rails/engine.rb:484:in `call'
  railties (3.2.14) lib/rails/application.rb:231:in `call'
  rack (1.4.5) lib/rack/content_length.rb:14:in `call'
  railties (3.2.14) lib/rails/rack/log_tailer.rb:17:in `call'
  rack (1.4.5) lib/rack/handler/webrick.rb:59:in `service'
  /home/saasbook/.rvm/rubies/ruby-1.9.3-p448/lib/ruby/1.9.1/webrick/httpserver.rb:138:in `service'
  /home/saasbook/.rvm/rubies/ruby-1.9.3-p448/lib/ruby/1.9.1/webrick/httpserver.rb:94:in `run'
  /home/saasbook/.rvm/rubies/ruby-1.9.3-p448/lib/ruby/1.9.1/webrick/server.rb:191:in `block in start_thread'


  Rendered /home/saasbook/.rvm/gems/ruby-1.9.3-p448/gems/actionpack-3.2.14/lib/action_dispatch/middleware/templates/rescues/_trace.erb (2.2ms)
  Rendered /home/saasbook/.rvm/gems/ruby-1.9.3-p448/gems/actionpack-3.2.14/lib/action_dispatch/middleware/templates/rescues/_request_and_response.erb (1.5ms)
  Rendered /home/saasbook/.rvm/gems/ruby-1.9.3-p448/gems/actionpack-3.2.14/lib/action_dispatch/middleware/templates/rescues/template_error.erb within rescues/layout (14.3ms)


Started GET "/projects/new" for 127.0.0.1 at 2014-09-30 13:23:20 -0600
Processing by ProjectsController#new as HTML
  Rendered projects/new.html.haml within layouts/application (41.7ms)
Completed 200 OK in 95ms (Views: 94.9ms | ActiveRecord: 0.0ms)


Started GET "/assets/application.css?body=1" for 127.0.0.1 at 2014-09-30 13:23:20 -0600
Served asset /application.css - 304 Not Modified (0ms)


Started GET "/assets/application.js?body=1" for 127.0.0.1 at 2014-09-30 13:23:20 -0600
Served asset /application.js - 304 Not Modified (19ms)


Started GET "/assets/jquery_ujs.js?body=1" for 127.0.0.1 at 2014-09-30 13:23:20 -0600
Served asset /jquery_ujs.js - 304 Not Modified (0ms)


Started GET "/assets/jquery.js?body=1" for 127.0.0.1 at 2014-09-30 13:23:20 -0600
Served asset /jquery.js - 304 Not Modified (0ms)


Started GET "/projects/new" for 127.0.0.1 at 2014-09-30 13:23:24 -0600
Processing by ProjectsController#new as HTML
  Rendered projects/new.html.haml within layouts/application (14.4ms)
Completed 200 OK in 27ms (Views: 26.9ms | ActiveRecord: 0.0ms)


Started GET "/assets/application.css?body=1" for 127.0.0.1 at 2014-09-30 13:23:24 -0600
Served asset /application.css - 304 Not Modified (0ms)


Started GET "/assets/jquery_ujs.js?body=1" for 127.0.0.1 at 2014-09-30 13:23:24 -0600
Served asset /jquery_ujs.js - 304 Not Modified (21ms)


Started GET "/assets/jquery.js?body=1" for 127.0.0.1 at 2014-09-30 13:23:24 -0600
Served asset /jquery.js - 304 Not Modified (1ms)


Started GET "/assets/application.js?body=1" for 127.0.0.1 at 2014-09-30 13:23:24 -0600
Served asset /application.js - 304 Not Modified (1ms)


Started GET "/projects/new" for 127.0.0.1 at 2014-09-30 13:24:09 -0600
Processing by ProjectsController#new as HTML
  Rendered projects/new.html.haml within layouts/application (12.2ms)
Completed 200 OK in 20ms (Views: 19.5ms | ActiveRecord: 0.0ms)


Started GET "/assets/application.css?body=1" for 127.0.0.1 at 2014-09-30 13:24:09 -0600
Served asset /application.css - 304 Not Modified (0ms)


Started GET "/assets/application.js?body=1" for 127.0.0.1 at 2014-09-30 13:24:09 -0600
Served asset /application.js - 304 Not Modified (1ms)


Started GET "/assets/jquery_ujs.js?body=1" for 127.0.0.1 at 2014-09-30 13:24:09 -0600
Served asset /jquery_ujs.js - 304 Not Modified (0ms)


Started GET "/assets/jquery.js?body=1" for 127.0.0.1 at 2014-09-30 13:24:09 -0600
Served asset /jquery.js - 304 Not Modified (0ms)


Started GET "/projects" for 127.0.0.1 at 2014-09-30 13:24:11 -0600
Processing by ProjectsController#index as HTML
  [1m[35mProject Load (0.4ms)[0m  SELECT "projects".* FROM "projects" 
  Rendered projects/index.html.haml within layouts/application (21.0ms)
Completed 200 OK in 32ms (Views: 29.6ms | ActiveRecord: 0.4ms)


Started GET "/assets/application.css?body=1" for 127.0.0.1 at 2014-09-30 13:24:11 -0600
Served asset /application.css - 304 Not Modified (0ms)


Started GET "/assets/jquery_ujs.js?body=1" for 127.0.0.1 at 2014-09-30 13:24:11 -0600
Served asset /jquery_ujs.js - 304 Not Modified (0ms)


Started GET "/assets/jquery.js?body=1" for 127.0.0.1 at 2014-09-30 13:24:11 -0600
Served asset /jquery.js - 304 Not Modified (4ms)


Started GET "/assets/application.js?body=1" for 127.0.0.1 at 2014-09-30 13:24:11 -0600
Served asset /application.js - 304 Not Modified (9ms)


Started GET "/projects/new" for 127.0.0.1 at 2014-09-30 13:25:47 -0600
Processing by ProjectsController#new as HTML
  Rendered projects/new.html.haml within layouts/application (23.6ms)
Completed 200 OK in 29ms (Views: 28.4ms | ActiveRecord: 0.0ms)


Started GET "/assets/application.css?body=1" for 127.0.0.1 at 2014-09-30 13:25:47 -0600
Served asset /application.css - 304 Not Modified (0ms)


Started GET "/assets/application.js?body=1" for 127.0.0.1 at 2014-09-30 13:25:47 -0600
Served asset /application.js - 304 Not Modified (21ms)


Started GET "/assets/jquery_ujs.js?body=1" for 127.0.0.1 at 2014-09-30 13:25:47 -0600
Served asset /jquery_ujs.js - 304 Not Modified (0ms)


Started GET "/assets/jquery.js?body=1" for 127.0.0.1 at 2014-09-30 13:25:47 -0600
Served asset /jquery.js - 304 Not Modified (4ms)


Started GET "/projects/1" for 127.0.0.1 at 2014-09-30 13:26:36 -0600
Processing by ProjectsController#show as HTML
  Parameters: {"id"=>"1"}
  [1m[36mProject Load (0.8ms)[0m  [1mSELECT "projects".* FROM "projects" WHERE "projects"."id" = ? LIMIT 1[0m  [["id", "1"]]
  Rendered projects/show.html.haml within layouts/application (15.5ms)
Completed 200 OK in 28ms (Views: 24.2ms | ActiveRecord: 0.8ms)


Started GET "/assets/application.css?body=1" for 127.0.0.1 at 2014-09-30 13:26:36 -0600
Served asset /application.css - 304 Not Modified (0ms)


Started GET "/assets/application.js?body=1" for 127.0.0.1 at 2014-09-30 13:26:36 -0600
Served asset /application.js - 304 Not Modified (3ms)


Started GET "/assets/jquery_ujs.js?body=1" for 127.0.0.1 at 2014-09-30 13:26:36 -0600
Served asset /jquery_ujs.js - 304 Not Modified (0ms)


Started GET "/assets/jquery.js?body=1" for 127.0.0.1 at 2014-09-30 13:26:36 -0600
Served asset /jquery.js - 304 Not Modified (1ms)


Started GET "/projects/1/edit" for 127.0.0.1 at 2014-09-30 13:26:38 -0600
Processing by ProjectsController#edit as HTML
  Parameters: {"id"=>"1"}
  [1m[35mProject Load (0.2ms)[0m  SELECT "projects".* FROM "projects" WHERE "projects"."id" = ? LIMIT 1  [["id", "1"]]
  Rendered projects/edit.html.haml within layouts/application (22.6ms)
Completed 200 OK in 43ms (Views: 33.3ms | ActiveRecord: 0.2ms)


Started GET "/assets/application.css?body=1" for 127.0.0.1 at 2014-09-30 13:26:38 -0600
Served asset /application.css - 304 Not Modified (0ms)


Started GET "/assets/application.js?body=1" for 127.0.0.1 at 2014-09-30 13:26:38 -0600
Served asset /application.js - 304 Not Modified (27ms)


Started GET "/assets/jquery_ujs.js?body=1" for 127.0.0.1 at 2014-09-30 13:26:38 -0600
Served asset /jquery_ujs.js - 304 Not Modified (0ms)


Started GET "/assets/jquery.js?body=1" for 127.0.0.1 at 2014-09-30 13:26:38 -0600
Served asset /jquery.js - 304 Not Modified (5ms)


Started GET "/projects/1/edit" for 127.0.0.1 at 2014-09-30 13:27:17 -0600
Processing by ProjectsController#edit as HTML
  Parameters: {"id"=>"1"}
  [1m[36mProject Load (8.4ms)[0m  [1mSELECT "projects".* FROM "projects" WHERE "projects"."id" = ? LIMIT 1[0m  [["id", "1"]]
  Rendered projects/edit.html.haml within layouts/application (14.2ms)
Completed 200 OK in 34ms (Views: 24.3ms | ActiveRecord: 8.4ms)


Started GET "/assets/application.css?body=1" for 127.0.0.1 at 2014-09-30 13:27:17 -0600
Served asset /application.css - 304 Not Modified (0ms)


Started GET "/assets/application.js?body=1" for 127.0.0.1 at 2014-09-30 13:27:17 -0600
Served asset /application.js - 304 Not Modified (1ms)


Started GET "/assets/jquery_ujs.js?body=1" for 127.0.0.1 at 2014-09-30 13:27:17 -0600
Served asset /jquery_ujs.js - 304 Not Modified (0ms)


Started GET "/assets/jquery.js?body=1" for 127.0.0.1 at 2014-09-30 13:27:17 -0600
Served asset /jquery.js - 304 Not Modified (0ms)


Started GET "/projects/1" for 127.0.0.1 at 2014-09-30 13:27:20 -0600
Processing by ProjectsController#show as HTML
  Parameters: {"id"=>"1"}
  [1m[35mProject Load (0.2ms)[0m  SELECT "projects".* FROM "projects" WHERE "projects"."id" = ? LIMIT 1  [["id", "1"]]
  Rendered projects/show.html.haml within layouts/application (10.2ms)
Completed 200 OK in 26ms (Views: 14.3ms | ActiveRecord: 0.2ms)


Started GET "/assets/application.css?body=1" for 127.0.0.1 at 2014-09-30 13:27:20 -0600
Served asset /application.css - 304 Not Modified (0ms)


Started GET "/assets/application.js?body=1" for 127.0.0.1 at 2014-09-30 13:27:20 -0600
Served asset /application.js - 304 Not Modified (20ms)


Started GET "/assets/jquery_ujs.js?body=1" for 127.0.0.1 at 2014-09-30 13:27:20 -0600
Served asset /jquery_ujs.js - 304 Not Modified (0ms)


Started GET "/assets/jquery.js?body=1" for 127.0.0.1 at 2014-09-30 13:27:20 -0600
Served asset /jquery.js - 304 Not Modified (5ms)


Started GET "/projects" for 127.0.0.1 at 2014-09-30 13:27:22 -0600
Processing by ProjectsController#index as HTML
  [1m[36mProject Load (0.3ms)[0m  [1mSELECT "projects".* FROM "projects" [0m
  Rendered projects/index.html.haml within layouts/application (8.4ms)
Completed 200 OK in 76ms (Views: 64.6ms | ActiveRecord: 0.3ms)


Started GET "/assets/application.css?body=1" for 127.0.0.1 at 2014-09-30 13:27:22 -0600
Served asset /application.css - 304 Not Modified (0ms)


Started GET "/assets/application.js?body=1" for 127.0.0.1 at 2014-09-30 13:27:22 -0600
Served asset /application.js - 304 Not Modified (22ms)


Started GET "/assets/jquery_ujs.js?body=1" for 127.0.0.1 at 2014-09-30 13:27:22 -0600
Served asset /jquery_ujs.js - 304 Not Modified (0ms)


Started GET "/assets/jquery.js?body=1" for 127.0.0.1 at 2014-09-30 13:27:22 -0600
Served asset /jquery.js - 304 Not Modified (0ms)


Started GET "/projects/new" for 127.0.0.1 at 2014-09-30 13:27:26 -0600
Processing by ProjectsController#new as HTML
  Rendered projects/new.html.haml within layouts/application (13.2ms)
Completed 200 OK in 22ms (Views: 21.8ms | ActiveRecord: 0.0ms)


Started GET "/assets/application.css?body=1" for 127.0.0.1 at 2014-09-30 13:27:26 -0600
Served asset /application.css - 304 Not Modified (0ms)


Started GET "/assets/application.js?body=1" for 127.0.0.1 at 2014-09-30 13:27:26 -0600
Served asset /application.js - 304 Not Modified (19ms)


Started GET "/assets/jquery_ujs.js?body=1" for 127.0.0.1 at 2014-09-30 13:27:27 -0600
Served asset /jquery_ujs.js - 304 Not Modified (0ms)


Started GET "/assets/jquery.js?body=1" for 127.0.0.1 at 2014-09-30 13:27:27 -0600
Served asset /jquery.js - 304 Not Modified (1ms)


Started GET "/projects/new" for 127.0.0.1 at 2014-09-30 13:28:34 -0600
Processing by ProjectsController#new as HTML
  Rendered projects/new.html.haml within layouts/application (17.2ms)
Completed 200 OK in 34ms (Views: 34.0ms | ActiveRecord: 0.0ms)


Started GET "/assets/application.css?body=1" for 127.0.0.1 at 2014-09-30 13:28:34 -0600
Served asset /application.css - 304 Not Modified (0ms)


Started GET "/assets/application.js?body=1" for 127.0.0.1 at 2014-09-30 13:28:34 -0600
Served asset /application.js - 304 Not Modified (16ms)


Started GET "/assets/jquery_ujs.js?body=1" for 127.0.0.1 at 2014-09-30 13:28:34 -0600
Served asset /jquery_ujs.js - 304 Not Modified (0ms)


Started GET "/assets/jquery.js?body=1" for 127.0.0.1 at 2014-09-30 13:28:34 -0600
Served asset /jquery.js - 304 Not Modified (7ms)


Started GET "/projects" for 127.0.0.1 at 2014-09-30 13:28:37 -0600
Processing by ProjectsController#index as HTML
  [1m[35mProject Load (0.4ms)[0m  SELECT "projects".* FROM "projects" 
  Rendered projects/index.html.haml within layouts/application (3.9ms)
Completed 200 OK in 23ms (Views: 17.9ms | ActiveRecord: 0.4ms)


Started GET "/assets/application.css?body=1" for 127.0.0.1 at 2014-09-30 13:28:37 -0600
Served asset /application.css - 304 Not Modified (0ms)


Started GET "/assets/application.js?body=1" for 127.0.0.1 at 2014-09-30 13:28:37 -0600
Served asset /application.js - 304 Not Modified (12ms)


Started GET "/assets/jquery_ujs.js?body=1" for 127.0.0.1 at 2014-09-30 13:28:37 -0600
Served asset /jquery_ujs.js - 304 Not Modified (0ms)


Started GET "/assets/jquery.js?body=1" for 127.0.0.1 at 2014-09-30 13:28:37 -0600
Served asset /jquery.js - 304 Not Modified (0ms)


Started GET "/projects/new" for 127.0.0.1 at 2014-09-30 13:28:38 -0600
Processing by ProjectsController#new as HTML
  Rendered projects/new.html.haml within layouts/application (18.6ms)
Completed 200 OK in 30ms (Views: 29.7ms | ActiveRecord: 0.0ms)


Started GET "/assets/application.css?body=1" for 127.0.0.1 at 2014-09-30 13:28:38 -0600
Served asset /application.css - 304 Not Modified (0ms)


Started GET "/assets/application.js?body=1" for 127.0.0.1 at 2014-09-30 13:28:38 -0600
Served asset /application.js - 304 Not Modified (19ms)


Started GET "/assets/jquery_ujs.js?body=1" for 127.0.0.1 at 2014-09-30 13:28:38 -0600
Served asset /jquery_ujs.js - 304 Not Modified (0ms)


Started GET "/assets/jquery.js?body=1" for 127.0.0.1 at 2014-09-30 13:28:38 -0600
Served asset /jquery.js - 304 Not Modified (0ms)


Started GET "/projects/new" for 127.0.0.1 at 2014-09-30 13:29:04 -0600
Processing by ProjectsController#new as HTML
  Rendered projects/new.html.haml within layouts/application (29.9ms)
Completed 500 Internal Server Error in 37ms

ActionController::RoutingError (No route matches {:action=>"show", :controller=>"projects", :id=>nil}):
  app/views/projects/new.html.haml:22:in `_app_views_projects_new_html_haml__92139945__623964308'


  Rendered /home/saasbook/.rvm/gems/ruby-1.9.3-p448/gems/actionpack-3.2.14/lib/action_dispatch/middleware/templates/rescues/routing_error.erb within rescues/layout (0.8ms)


Started GET "/projects/new" for 127.0.0.1 at 2014-09-30 13:29:11 -0600
Processing by ProjectsController#new as HTML
  Rendered projects/new.html.haml within layouts/application (21.7ms)
Completed 200 OK in 31ms (Views: 31.0ms | ActiveRecord: 0.0ms)


Started GET "/assets/application.css?body=1" for 127.0.0.1 at 2014-09-30 13:29:11 -0600
Served asset /application.css - 304 Not Modified (0ms)


Started GET "/assets/application.js?body=1" for 127.0.0.1 at 2014-09-30 13:29:11 -0600
Served asset /application.js - 304 Not Modified (20ms)


Started GET "/assets/jquery_ujs.js?body=1" for 127.0.0.1 at 2014-09-30 13:29:11 -0600
Served asset /jquery_ujs.js - 304 Not Modified (0ms)


Started GET "/assets/jquery.js?body=1" for 127.0.0.1 at 2014-09-30 13:29:11 -0600
Served asset /jquery.js - 304 Not Modified (0ms)


Started GET "/projects/new" for 127.0.0.1 at 2014-09-30 13:29:49 -0600
Processing by ProjectsController#new as HTML
  Rendered projects/new.html.haml within layouts/application (22.3ms)
Completed 200 OK in 30ms (Views: 29.7ms | ActiveRecord: 0.0ms)


Started GET "/assets/application.css?body=1" for 127.0.0.1 at 2014-09-30 13:29:49 -0600
Served asset /application.css - 304 Not Modified (0ms)


Started GET "/assets/jquery_ujs.js?body=1" for 127.0.0.1 at 2014-09-30 13:29:49 -0600
Served asset /jquery_ujs.js - 304 Not Modified (0ms)


Started GET "/assets/application.js?body=1" for 127.0.0.1 at 2014-09-30 13:29:49 -0600
Served asset /application.js - 304 Not Modified (1ms)


Started GET "/assets/jquery.js?body=1" for 127.0.0.1 at 2014-09-30 13:29:49 -0600
Served asset /jquery.js - 304 Not Modified (0ms)


Started GET "/projects" for 127.0.0.1 at 2014-09-30 13:29:51 -0600
Processing by ProjectsController#index as HTML
  [1m[36mProject Load (0.3ms)[0m  [1mSELECT "projects".* FROM "projects" [0m
  Rendered projects/index.html.haml within layouts/application (13.2ms)
Completed 200 OK in 31ms (Views: 29.3ms | ActiveRecord: 0.3ms)


Started GET "/assets/application.css?body=1" for 127.0.0.1 at 2014-09-30 13:29:51 -0600
Served asset /application.css - 304 Not Modified (0ms)


Started GET "/assets/jquery.js?body=1" for 127.0.0.1 at 2014-09-30 13:29:51 -0600
Served asset /jquery.js - 304 Not Modified (1ms)


Started GET "/assets/application.js?body=1" for 127.0.0.1 at 2014-09-30 13:29:51 -0600
Served asset /application.js - 304 Not Modified (7ms)


Started GET "/assets/jquery_ujs.js?body=1" for 127.0.0.1 at 2014-09-30 13:29:51 -0600
Served asset /jquery_ujs.js - 304 Not Modified (0ms)


Started GET "/projects" for 127.0.0.1 at 2014-09-30 14:43:17 -0600
Processing by ProjectsController#index as HTML
  [1m[35mProject Load (0.9ms)[0m  SELECT "projects".* FROM "projects" 
  Rendered projects/index.html.haml within layouts/application (7.2ms)
Completed 200 OK in 34ms (Views: 15.0ms | ActiveRecord: 0.9ms)


Started GET "/assets/application.css?body=1" for 127.0.0.1 at 2014-09-30 14:43:17 -0600
Served asset /application.css - 304 Not Modified (0ms)


Started GET "/assets/jquery_ujs.js?body=1" for 127.0.0.1 at 2014-09-30 14:43:17 -0600
Served asset /jquery_ujs.js - 304 Not Modified (7ms)


Started GET "/assets/jquery.js?body=1" for 127.0.0.1 at 2014-09-30 14:43:17 -0600
Served asset /jquery.js - 304 Not Modified (1ms)


Started GET "/assets/application.js?body=1" for 127.0.0.1 at 2014-09-30 14:43:17 -0600
Served asset /application.js - 304 Not Modified (1ms)


Started GET "/projects/8" for 127.0.0.1 at 2014-09-30 14:43:22 -0600
Processing by ProjectsController#show as HTML
  Parameters: {"id"=>"8"}
  [1m[36mProject Load (0.3ms)[0m  [1mSELECT "projects".* FROM "projects" WHERE "projects"."id" = ? LIMIT 1[0m  [["id", "8"]]
  Rendered projects/show.html.haml within layouts/application (7.5ms)
Completed 200 OK in 14ms (Views: 11.7ms | ActiveRecord: 0.3ms)


Started GET "/assets/application.css?body=1" for 127.0.0.1 at 2014-09-30 14:43:22 -0600
Served asset /application.css - 304 Not Modified (0ms)


Started GET "/assets/jquery_ujs.js?body=1" for 127.0.0.1 at 2014-09-30 14:43:22 -0600
Served asset /jquery_ujs.js - 304 Not Modified (0ms)


Started GET "/assets/jquery.js?body=1" for 127.0.0.1 at 2014-09-30 14:43:22 -0600
Served asset /jquery.js - 304 Not Modified (0ms)


Started GET "/assets/application.js?body=1" for 127.0.0.1 at 2014-09-30 14:43:22 -0600
Served asset /application.js - 304 Not Modified (1ms)


Started GET "/projects/8/edit" for 127.0.0.1 at 2014-09-30 14:43:25 -0600
Processing by ProjectsController#edit as HTML
  Parameters: {"id"=>"8"}
  [1m[35mProject Load (0.2ms)[0m  SELECT "projects".* FROM "projects" WHERE "projects"."id" = ? LIMIT 1  [["id", "8"]]
  Rendered projects/edit.html.haml within layouts/application (15.1ms)
Completed 200 OK in 30ms (Views: 28.9ms | ActiveRecord: 0.2ms)


Started GET "/assets/application.css?body=1" for 127.0.0.1 at 2014-09-30 14:43:25 -0600
Served asset /application.css - 304 Not Modified (0ms)


Started GET "/assets/jquery.js?body=1" for 127.0.0.1 at 2014-09-30 14:43:25 -0600
Served asset /jquery.js - 304 Not Modified (1ms)


Started GET "/assets/application.js?body=1" for 127.0.0.1 at 2014-09-30 14:43:25 -0600
Served asset /application.js - 304 Not Modified (1ms)


Started GET "/assets/jquery_ujs.js?body=1" for 127.0.0.1 at 2014-09-30 14:43:25 -0600
Served asset /jquery_ujs.js - 304 Not Modified (0ms)


Started PUT "/projects/8" for 127.0.0.1 at 2014-09-30 14:44:30 -0600
Processing by ProjectsController#update as HTML
  Parameters: {"utf8"=>"✓", "authenticity_token"=>"O2jgSMDDt36eGAHN0Mbklw7vJM0atO/j31t/YSST/X4=", "project"=>{"title"=>"Send notes/updates to the team", "description"=>"As a team member, I want to be able to write notes about each task while I am completing it, so that I can let my team members know, so that my team members know that I am making progress and what decisions and issues I have run into along the way", "extended_description"=>"Notes will be displayed on screen only.  All team members can see all notes/updates upon logging into the system.", "user"=>"Simmons", "due_date(1i)"=>"2014", "due_date(2i)"=>"10", "due_date(3i)"=>"8"}, "commit"=>"Update Project Task Info", "id"=>"8"}
  [1m[36mProject Load (0.2ms)[0m  [1mSELECT "projects".* FROM "projects" WHERE "projects"."id" = ? LIMIT 1[0m  [["id", "8"]]
  [1m[35m (0.1ms)[0m  begin transaction
  [1m[36m (9.6ms)[0m  [1mUPDATE "projects" SET "extended_description" = 'Notes will be displayed on screen only. All team members can see all notes/updates upon logging into the system.', "user" = 'Simmons', "updated_at" = '2014-09-30 20:44:30.531303' WHERE "projects"."id" = 8[0m
  [1m[35m (3.9ms)[0m  commit transaction
Redirected to http://localhost:3000/projects/8
Completed 302 Found in 76ms (ActiveRecord: 13.8ms)


Started GET "/projects/8" for 127.0.0.1 at 2014-09-30 14:44:30 -0600
Processing by ProjectsController#show as HTML
  Parameters: {"id"=>"8"}
  [1m[36mProject Load (0.2ms)[0m  [1mSELECT "projects".* FROM "projects" WHERE "projects"."id" = ? LIMIT 1[0m  [["id", "8"]]
  Rendered projects/show.html.haml within layouts/application (1.8ms)
Completed 200 OK in 8ms (Views: 6.9ms | ActiveRecord: 0.2ms)


Started GET "/assets/application.css?body=1" for 127.0.0.1 at 2014-09-30 14:44:30 -0600
Served asset /application.css - 304 Not Modified (0ms)


Started GET "/assets/application.js?body=1" for 127.0.0.1 at 2014-09-30 14:44:30 -0600
Served asset /application.js - 304 Not Modified (1ms)


Started GET "/assets/jquery_ujs.js?body=1" for 127.0.0.1 at 2014-09-30 14:44:30 -0600
Served asset /jquery_ujs.js - 304 Not Modified (0ms)


Started GET "/assets/jquery.js?body=1" for 127.0.0.1 at 2014-09-30 14:44:30 -0600
Served asset /jquery.js - 304 Not Modified (0ms)


Started GET "/projects" for 127.0.0.1 at 2014-09-30 14:44:40 -0600
Processing by ProjectsController#index as HTML
  [1m[35mProject Load (0.4ms)[0m  SELECT "projects".* FROM "projects" 
  Rendered projects/index.html.haml within layouts/application (10.9ms)
Completed 200 OK in 25ms (Views: 15.8ms | ActiveRecord: 0.4ms)


Started GET "/assets/application.css?body=1" for 127.0.0.1 at 2014-09-30 14:44:40 -0600
Served asset /application.css - 304 Not Modified (0ms)


Started GET "/assets/application.js?body=1" for 127.0.0.1 at 2014-09-30 14:44:40 -0600
Served asset /application.js - 304 Not Modified (3ms)


Started GET "/assets/jquery.js?body=1" for 127.0.0.1 at 2014-09-30 14:44:40 -0600
Served asset /jquery.js - 304 Not Modified (0ms)


Started GET "/assets/jquery_ujs.js?body=1" for 127.0.0.1 at 2014-09-30 14:44:40 -0600
Served asset /jquery_ujs.js - 304 Not Modified (0ms)


Started GET "/projects/new" for 127.0.0.1 at 2014-09-30 14:44:45 -0600
Processing by ProjectsController#new as HTML
  Rendered projects/new.html.haml within layouts/application (17.1ms)
Completed 200 OK in 28ms (Views: 27.6ms | ActiveRecord: 0.0ms)


Started GET "/assets/application.css?body=1" for 127.0.0.1 at 2014-09-30 14:44:45 -0600
Served asset /application.css - 304 Not Modified (0ms)


Started GET "/assets/application.js?body=1" for 127.0.0.1 at 2014-09-30 14:44:45 -0600
Served asset /application.js - 304 Not Modified (8ms)


Started GET "/assets/jquery_ujs.js?body=1" for 127.0.0.1 at 2014-09-30 14:44:45 -0600
Served asset /jquery_ujs.js - 304 Not Modified (0ms)


Started GET "/assets/jquery.js?body=1" for 127.0.0.1 at 2014-09-30 14:44:45 -0600
Served asset /jquery.js - 304 Not Modified (0ms)


Started POST "/projects" for 127.0.0.1 at 2014-09-30 14:45:50 -0600
Processing by ProjectsController#create as HTML
  Parameters: {"utf8"=>"✓", "authenticity_token"=>"O2jgSMDDt36eGAHN0Mbklw7vJM0atO/j31t/YSST/X4=", "project"=>{"title"=>"Sort tasks based on due dates", "description"=>"As a team member, I want to sort all tasks by due date, so that I can prioritize", "extended_description"=>"No Extra Data", "user"=>"Fitz", "due_date(1i)"=>"2014", "due_date(2i)"=>"10", "due_date(3i)"=>"31"}, "commit"=>"Save Changes"}
  [1m[36m (0.1ms)[0m  [1mbegin transaction[0m
  [1m[35mSQL (3.8ms)[0m  INSERT INTO "projects" ("created_at", "description", "due_date", "extended_description", "title", "updated_at", "user") VALUES (?, ?, ?, ?, ?, ?, ?)  [["created_at", Tue, 30 Sep 2014 20:45:50 UTC +00:00], ["description", "As a team member, I want to sort all tasks by due date, so that I can prioritize"], ["due_date", Fri, 31 Oct 2014 00:00:00 UTC +00:00], ["extended_description", "No Extra Data"], ["title", "Sort tasks based on due dates"], ["updated_at", Tue, 30 Sep 2014 20:45:50 UTC +00:00], ["user", "Fitz"]]
  [1m[36m (3.3ms)[0m  [1mcommit transaction[0m
Redirected to http://localhost:3000/projects
Completed 302 Found in 21ms (ActiveRecord: 7.2ms)


Started GET "/projects" for 127.0.0.1 at 2014-09-30 14:45:50 -0600
Processing by ProjectsController#index as HTML
  [1m[35mProject Load (0.3ms)[0m  SELECT "projects".* FROM "projects" 
  Rendered projects/index.html.haml within layouts/application (4.2ms)
Completed 200 OK in 10ms (Views: 8.8ms | ActiveRecord: 0.3ms)


Started GET "/assets/application.css?body=1" for 127.0.0.1 at 2014-09-30 14:45:50 -0600
Served asset /application.css - 304 Not Modified (0ms)


Started GET "/assets/application.js?body=1" for 127.0.0.1 at 2014-09-30 14:45:50 -0600
Served asset /application.js - 304 Not Modified (23ms)


Started GET "/assets/jquery_ujs.js?body=1" for 127.0.0.1 at 2014-09-30 14:45:50 -0600
Served asset /jquery_ujs.js - 304 Not Modified (0ms)


Started GET "/assets/jquery.js?body=1" for 127.0.0.1 at 2014-09-30 14:45:50 -0600
Served asset /jquery.js - 304 Not Modified (0ms)


Started GET "/projects/9" for 127.0.0.1 at 2014-09-30 14:46:06 -0600
Processing by ProjectsController#show as HTML
  Parameters: {"id"=>"9"}
  [1m[36mProject Load (0.2ms)[0m  [1mSELECT "projects".* FROM "projects" WHERE "projects"."id" = ? LIMIT 1[0m  [["id", "9"]]
  Rendered projects/show.html.haml within layouts/application (2.1ms)
Completed 200 OK in 11ms (Views: 8.8ms | ActiveRecord: 0.2ms)


Started GET "/assets/application.css?body=1" for 127.0.0.1 at 2014-09-30 14:46:06 -0600
Served asset /application.css - 304 Not Modified (0ms)


Started GET "/assets/application.js?body=1" for 127.0.0.1 at 2014-09-30 14:46:06 -0600
Served asset /application.js - 304 Not Modified (10ms)


Started GET "/assets/jquery_ujs.js?body=1" for 127.0.0.1 at 2014-09-30 14:46:06 -0600
Served asset /jquery_ujs.js - 304 Not Modified (6ms)


Started GET "/assets/jquery.js?body=1" for 127.0.0.1 at 2014-09-30 14:46:06 -0600
Served asset /jquery.js - 304 Not Modified (0ms)


Started GET "/projects" for 127.0.0.1 at 2014-09-30 14:46:10 -0600
Processing by ProjectsController#index as HTML
  [1m[35mProject Load (0.3ms)[0m  SELECT "projects".* FROM "projects" 
  Rendered projects/index.html.haml within layouts/application (8.3ms)
Completed 200 OK in 27ms (Views: 25.4ms | ActiveRecord: 0.3ms)


Started GET "/assets/application.css?body=1" for 127.0.0.1 at 2014-09-30 14:46:10 -0600
Served asset /application.css - 304 Not Modified (0ms)


Started GET "/assets/application.js?body=1" for 127.0.0.1 at 2014-09-30 14:46:10 -0600
Served asset /application.js - 304 Not Modified (1ms)


Started GET "/assets/jquery_ujs.js?body=1" for 127.0.0.1 at 2014-09-30 14:46:10 -0600
Served asset /jquery_ujs.js - 304 Not Modified (0ms)


Started GET "/assets/jquery.js?body=1" for 127.0.0.1 at 2014-09-30 14:46:10 -0600
Served asset /jquery.js - 304 Not Modified (0ms)


Started GET "/projects/8" for 127.0.0.1 at 2014-09-30 14:46:13 -0600
Processing by ProjectsController#show as HTML
  Parameters: {"id"=>"8"}
  [1m[36mProject Load (0.2ms)[0m  [1mSELECT "projects".* FROM "projects" WHERE "projects"."id" = ? LIMIT 1[0m  [["id", "8"]]
  Rendered projects/show.html.haml within layouts/application (1.8ms)
Completed 200 OK in 19ms (Views: 17.1ms | ActiveRecord: 0.2ms)


Started GET "/assets/application.css?body=1" for 127.0.0.1 at 2014-09-30 14:46:13 -0600
Served asset /application.css - 304 Not Modified (0ms)


Started GET "/assets/application.js?body=1" for 127.0.0.1 at 2014-09-30 14:46:13 -0600
Served asset /application.js - 304 Not Modified (1ms)


Started GET "/assets/jquery_ujs.js?body=1" for 127.0.0.1 at 2014-09-30 14:46:13 -0600
Served asset /jquery_ujs.js - 304 Not Modified (0ms)


Started GET "/assets/jquery.js?body=1" for 127.0.0.1 at 2014-09-30 14:46:13 -0600
Served asset /jquery.js - 304 Not Modified (0ms)


Started GET "/projects/8/edit" for 127.0.0.1 at 2014-09-30 14:46:14 -0600
Processing by ProjectsController#edit as HTML
  Parameters: {"id"=>"8"}
  [1m[35mProject Load (0.2ms)[0m  SELECT "projects".* FROM "projects" WHERE "projects"."id" = ? LIMIT 1  [["id", "8"]]
  Rendered projects/edit.html.haml within layouts/application (16.4ms)
Completed 200 OK in 32ms (Views: 25.9ms | ActiveRecord: 0.2ms)


Started GET "/assets/application.css?body=1" for 127.0.0.1 at 2014-09-30 14:46:14 -0600
Served asset /application.css - 304 Not Modified (0ms)


Started GET "/assets/application.js?body=1" for 127.0.0.1 at 2014-09-30 14:46:14 -0600
Served asset /application.js - 304 Not Modified (19ms)


Started GET "/assets/jquery_ujs.js?body=1" for 127.0.0.1 at 2014-09-30 14:46:14 -0600
Served asset /jquery_ujs.js - 304 Not Modified (0ms)


Started GET "/assets/jquery.js?body=1" for 127.0.0.1 at 2014-09-30 14:46:14 -0600
Served asset /jquery.js - 304 Not Modified (1ms)


Started PUT "/projects/8" for 127.0.0.1 at 2014-09-30 14:46:19 -0600
Processing by ProjectsController#update as HTML
  Parameters: {"utf8"=>"✓", "authenticity_token"=>"O2jgSMDDt36eGAHN0Mbklw7vJM0atO/j31t/YSST/X4=", "project"=>{"title"=>"Send notes/updates to the team", "description"=>"As a team member, I want to be able to write notes about each task while I am completing it, so that I can let my team members know, so that my team members know that I am making progress and what decisions and issues I have run into along the way", "extended_description"=>"Notes will be displayed on screen only.  All team members can see all notes/updates upon logging into the system.", "user"=>"Ward", "due_date(1i)"=>"2014", "due_date(2i)"=>"10", "due_date(3i)"=>"8"}, "commit"=>"Update Project Task Info", "id"=>"8"}
  [1m[36mProject Load (0.2ms)[0m  [1mSELECT "projects".* FROM "projects" WHERE "projects"."id" = ? LIMIT 1[0m  [["id", "8"]]
  [1m[35m (0.1ms)[0m  begin transaction
  [1m[36m (4.6ms)[0m  [1mUPDATE "projects" SET "user" = 'Ward', "updated_at" = '2014-09-30 20:46:19.631004' WHERE "projects"."id" = 8[0m
  [1m[35m (10.6ms)[0m  commit transaction
Redirected to http://localhost:3000/projects/8
Completed 302 Found in 20ms (ActiveRecord: 15.5ms)


Started GET "/projects/8" for 127.0.0.1 at 2014-09-30 14:46:19 -0600
Processing by ProjectsController#show as HTML
  Parameters: {"id"=>"8"}
  [1m[36mProject Load (0.4ms)[0m  [1mSELECT "projects".* FROM "projects" WHERE "projects"."id" = ? LIMIT 1[0m  [["id", "8"]]
  Rendered projects/show.html.haml within layouts/application (1.8ms)
Completed 200 OK in 7ms (Views: 6.0ms | ActiveRecord: 0.4ms)


Started GET "/assets/application.css?body=1" for 127.0.0.1 at 2014-09-30 14:46:19 -0600
Served asset /application.css - 304 Not Modified (0ms)


Started GET "/assets/application.js?body=1" for 127.0.0.1 at 2014-09-30 14:46:19 -0600
Served asset /application.js - 304 Not Modified (22ms)


Started GET "/assets/jquery_ujs.js?body=1" for 127.0.0.1 at 2014-09-30 14:46:19 -0600
Served asset /jquery_ujs.js - 304 Not Modified (4ms)


Started GET "/assets/jquery.js?body=1" for 127.0.0.1 at 2014-09-30 14:46:19 -0600
Served asset /jquery.js - 304 Not Modified (9ms)


Started GET "/projects" for 127.0.0.1 at 2014-09-30 14:46:21 -0600
Processing by ProjectsController#index as HTML
  [1m[35mProject Load (0.3ms)[0m  SELECT "projects".* FROM "projects" 
  Rendered projects/index.html.haml within layouts/application (4.2ms)
Completed 200 OK in 23ms (Views: 16.3ms | ActiveRecord: 0.3ms)


Started GET "/assets/application.css?body=1" for 127.0.0.1 at 2014-09-30 14:46:22 -0600
Served asset /application.css - 304 Not Modified (0ms)


Started GET "/assets/jquery.js?body=1" for 127.0.0.1 at 2014-09-30 14:46:22 -0600
Served asset /jquery.js - 304 Not Modified (1ms)


Started GET "/assets/jquery_ujs.js?body=1" for 127.0.0.1 at 2014-09-30 14:46:22 -0600
Served asset /jquery_ujs.js - 304 Not Modified (0ms)


Started GET "/assets/application.js?body=1" for 127.0.0.1 at 2014-09-30 14:46:22 -0600
Served asset /application.js - 304 Not Modified (1ms)


Started GET "/projects/new" for 127.0.0.1 at 2014-09-30 14:46:24 -0600
Processing by ProjectsController#new as HTML
  Rendered projects/new.html.haml within layouts/application (19.0ms)
Completed 200 OK in 28ms (Views: 27.9ms | ActiveRecord: 0.0ms)


Started GET "/assets/application.css?body=1" for 127.0.0.1 at 2014-09-30 14:46:24 -0600
Served asset /application.css - 304 Not Modified (0ms)


Started GET "/assets/application.js?body=1" for 127.0.0.1 at 2014-09-30 14:46:24 -0600
Served asset /application.js - 304 Not Modified (9ms)


Started GET "/assets/jquery_ujs.js?body=1" for 127.0.0.1 at 2014-09-30 14:46:24 -0600
Served asset /jquery_ujs.js - 304 Not Modified (0ms)


Started GET "/assets/jquery.js?body=1" for 127.0.0.1 at 2014-09-30 14:46:24 -0600
Served asset /jquery.js - 304 Not Modified (0ms)


Started POST "/projects" for 127.0.0.1 at 2014-09-30 14:48:40 -0600
Processing by ProjectsController#create as HTML
  Parameters: {"utf8"=>"✓", "authenticity_token"=>"O2jgSMDDt36eGAHN0Mbklw7vJM0atO/j31t/YSST/X4=", "project"=>{"title"=>"Filter based on users", "description"=>"As a team member, I want to filter the task list by task owners, so that I can find my tasks that need completion", "extended_description"=>"The first time the page is visited, all check boxes (users) should be checked by default.", "user"=>"May", "due_date(1i)"=>"2014", "due_date(2i)"=>"10", "due_date(3i)"=>"13"}, "commit"=>"Save Changes"}
  [1m[36m (0.2ms)[0m  [1mbegin transaction[0m
  [1m[35mSQL (1.1ms)[0m  INSERT INTO "projects" ("created_at", "description", "due_date", "extended_description", "title", "updated_at", "user") VALUES (?, ?, ?, ?, ?, ?, ?)  [["created_at", Tue, 30 Sep 2014 20:48:40 UTC +00:00], ["description", "As a team member, I want to filter the task list by task owners, so that I can find my tasks that need completion"], ["due_date", Mon, 13 Oct 2014 00:00:00 UTC +00:00], ["extended_description", "The first time the page is visited, all check boxes (users) should be checked by default."], ["title", "Filter based on users"], ["updated_at", Tue, 30 Sep 2014 20:48:40 UTC +00:00], ["user", "May"]]
  [1m[36m (3.7ms)[0m  [1mcommit transaction[0m
Redirected to http://localhost:3000/projects
Completed 302 Found in 15ms (ActiveRecord: 5.0ms)


Started GET "/projects" for 127.0.0.1 at 2014-09-30 14:48:40 -0600
Processing by ProjectsController#index as HTML
  [1m[35mProject Load (4.5ms)[0m  SELECT "projects".* FROM "projects" 
  Rendered projects/index.html.haml within layouts/application (5.0ms)
Completed 200 OK in 63ms (Views: 9.5ms | ActiveRecord: 4.5ms)


Started GET "/assets/application.css?body=1" for 127.0.0.1 at 2014-09-30 14:48:40 -0600
Served asset /application.css - 304 Not Modified (0ms)


Started GET "/assets/jquery.js?body=1" for 127.0.0.1 at 2014-09-30 14:48:40 -0600
Served asset /jquery.js - 304 Not Modified (24ms)


Started GET "/assets/application.js?body=1" for 127.0.0.1 at 2014-09-30 14:48:40 -0600
Served asset /application.js - 304 Not Modified (1ms)


Started GET "/assets/jquery_ujs.js?body=1" for 127.0.0.1 at 2014-09-30 14:48:40 -0600
Served asset /jquery_ujs.js - 304 Not Modified (0ms)


Started GET "/projects/10" for 127.0.0.1 at 2014-09-30 14:48:58 -0600
Processing by ProjectsController#show as HTML
  Parameters: {"id"=>"10"}
  [1m[36mProject Load (0.2ms)[0m  [1mSELECT "projects".* FROM "projects" WHERE "projects"."id" = ? LIMIT 1[0m  [["id", "10"]]
  Rendered projects/show.html.haml within layouts/application (2.0ms)
Completed 200 OK in 20ms (Views: 18.7ms | ActiveRecord: 0.2ms)


Started GET "/assets/application.css?body=1" for 127.0.0.1 at 2014-09-30 14:48:58 -0600
Served asset /application.css - 304 Not Modified (0ms)


Started GET "/assets/application.js?body=1" for 127.0.0.1 at 2014-09-30 14:48:58 -0600
Served asset /application.js - 304 Not Modified (10ms)


Started GET "/assets/jquery_ujs.js?body=1" for 127.0.0.1 at 2014-09-30 14:48:58 -0600
Served asset /jquery_ujs.js - 304 Not Modified (0ms)


Started GET "/assets/jquery.js?body=1" for 127.0.0.1 at 2014-09-30 14:48:58 -0600
Served asset /jquery.js - 304 Not Modified (9ms)


Started GET "/projects/10/edit" for 127.0.0.1 at 2014-09-30 14:49:00 -0600
Processing by ProjectsController#edit as HTML
  Parameters: {"id"=>"10"}
  [1m[35mProject Load (4.3ms)[0m  SELECT "projects".* FROM "projects" WHERE "projects"."id" = ? LIMIT 1  [["id", "10"]]
  Rendered projects/edit.html.haml within layouts/application (17.0ms)
Completed 200 OK in 33ms (Views: 26.9ms | ActiveRecord: 4.3ms)


Started GET "/assets/application.css?body=1" for 127.0.0.1 at 2014-09-30 14:49:00 -0600
Served asset /application.css - 304 Not Modified (0ms)


Started GET "/assets/application.js?body=1" for 127.0.0.1 at 2014-09-30 14:49:00 -0600
Served asset /application.js - 304 Not Modified (20ms)


Started GET "/assets/jquery.js?body=1" for 127.0.0.1 at 2014-09-30 14:49:00 -0600
Served asset /jquery.js - 304 Not Modified (0ms)


Started GET "/assets/jquery_ujs.js?body=1" for 127.0.0.1 at 2014-09-30 14:49:00 -0600
Served asset /jquery_ujs.js - 304 Not Modified (0ms)


Started PUT "/projects/10" for 127.0.0.1 at 2014-09-30 14:49:05 -0600
Processing by ProjectsController#update as HTML
  Parameters: {"utf8"=>"✓", "authenticity_token"=>"O2jgSMDDt36eGAHN0Mbklw7vJM0atO/j31t/YSST/X4=", "project"=>{"title"=>"Filter based on users", "description"=>"As a team member, I want to filter the task list by task owners, so that I can find my tasks that need completion", "extended_description"=>"The first time the page is visited, all check boxes (users) should be checked by default.", "user"=>"Skye", "due_date(1i)"=>"2014", "due_date(2i)"=>"10", "due_date(3i)"=>"13"}, "commit"=>"Update Project Task Info", "id"=>"10"}
  [1m[36mProject Load (0.2ms)[0m  [1mSELECT "projects".* FROM "projects" WHERE "projects"."id" = ? LIMIT 1[0m  [["id", "10"]]
  [1m[35m (0.1ms)[0m  begin transaction
  [1m[36m (0.5ms)[0m  [1mUPDATE "projects" SET "user" = 'Skye', "updated_at" = '2014-09-30 20:49:05.031407' WHERE "projects"."id" = 10[0m
  [1m[35m (6.2ms)[0m  commit transaction
Redirected to http://localhost:3000/projects/10
Completed 302 Found in 16ms (ActiveRecord: 7.0ms)


Started GET "/projects/10" for 127.0.0.1 at 2014-09-30 14:49:05 -0600
Processing by ProjectsController#show as HTML
  Parameters: {"id"=>"10"}
  [1m[36mProject Load (0.2ms)[0m  [1mSELECT "projects".* FROM "projects" WHERE "projects"."id" = ? LIMIT 1[0m  [["id", "10"]]
  Rendered projects/show.html.haml within layouts/application (2.0ms)
Completed 200 OK in 16ms (Views: 14.8ms | ActiveRecord: 0.2ms)


Started GET "/assets/application.css?body=1" for 127.0.0.1 at 2014-09-30 14:49:05 -0600
Served asset /application.css - 304 Not Modified (0ms)


Started GET "/assets/jquery.js?body=1" for 127.0.0.1 at 2014-09-30 14:49:05 -0600
Served asset /jquery.js - 304 Not Modified (0ms)


Started GET "/assets/application.js?body=1" for 127.0.0.1 at 2014-09-30 14:49:05 -0600
Served asset /application.js - 304 Not Modified (1ms)


Started GET "/assets/jquery_ujs.js?body=1" for 127.0.0.1 at 2014-09-30 14:49:05 -0600
Served asset /jquery_ujs.js - 304 Not Modified (10ms)


Started GET "/projects" for 127.0.0.1 at 2014-09-30 14:49:06 -0600
Processing by ProjectsController#index as HTML
  [1m[35mProject Load (4.6ms)[0m  SELECT "projects".* FROM "projects" 
  Rendered projects/index.html.haml within layouts/application (14.0ms)
Completed 200 OK in 24ms (Views: 18.2ms | ActiveRecord: 4.6ms)


Started GET "/assets/application.css?body=1" for 127.0.0.1 at 2014-09-30 14:49:06 -0600
Served asset /application.css - 304 Not Modified (0ms)


Started GET "/assets/application.js?body=1" for 127.0.0.1 at 2014-09-30 14:49:06 -0600
Served asset /application.js - 304 Not Modified (8ms)


Started GET "/assets/jquery_ujs.js?body=1" for 127.0.0.1 at 2014-09-30 14:49:06 -0600
Served asset /jquery_ujs.js - 304 Not Modified (0ms)


Started GET "/assets/jquery.js?body=1" for 127.0.0.1 at 2014-09-30 14:49:06 -0600
Served asset /jquery.js - 304 Not Modified (0ms)


Started GET "/projects" for 127.0.0.1 at 2014-09-30 14:49:34 -0600
Processing by ProjectsController#index as HTML
  [1m[36mProject Load (0.4ms)[0m  [1mSELECT "projects".* FROM "projects" [0m
  Rendered projects/index.html.haml within layouts/application (23.5ms)
Completed 200 OK in 42ms (Views: 36.7ms | ActiveRecord: 0.4ms)


Started GET "/assets/application.css?body=1" for 127.0.0.1 at 2014-09-30 14:49:34 -0600
Served asset /application.css - 304 Not Modified (0ms)


Started GET "/assets/application.js?body=1" for 127.0.0.1 at 2014-09-30 14:49:34 -0600
Served asset /application.js - 304 Not Modified (1ms)


Started GET "/assets/jquery_ujs.js?body=1" for 127.0.0.1 at 2014-09-30 14:49:34 -0600
Served asset /jquery_ujs.js - 304 Not Modified (0ms)


Started GET "/assets/jquery.js?body=1" for 127.0.0.1 at 2014-09-30 14:49:34 -0600
Served asset /jquery.js - 304 Not Modified (0ms)


Started GET "/projects" for 127.0.0.1 at 2014-09-30 14:50:45 -0600
Processing by ProjectsController#index as HTML
  [1m[35mProject Load (0.4ms)[0m  SELECT "projects".* FROM "projects" 
  Rendered projects/index.html.haml within layouts/application (26.5ms)
Completed 200 OK in 47ms (Views: 40.8ms | ActiveRecord: 0.4ms)


Started GET "/assets/application.css?body=1" for 127.0.0.1 at 2014-09-30 14:50:45 -0600
Served asset /application.css - 304 Not Modified (0ms)


Started GET "/assets/application.js?body=1" for 127.0.0.1 at 2014-09-30 14:50:46 -0600
Served asset /application.js - 304 Not Modified (1ms)


Started GET "/assets/jquery_ujs.js?body=1" for 127.0.0.1 at 2014-09-30 14:50:46 -0600
Served asset /jquery_ujs.js - 304 Not Modified (0ms)


Started GET "/assets/jquery.js?body=1" for 127.0.0.1 at 2014-09-30 14:50:46 -0600
Served asset /jquery.js - 304 Not Modified (0ms)


Started GET "/" for 127.0.0.1 at 2015-01-15 16:35:01 -0700
Connecting to database specified by database.yml


Started GET "/projects" for 127.0.0.1 at 2015-01-15 16:35:02 -0700
Processing by ProjectsController#index as HTML
  [1m[36mProject Load (0.4ms)[0m  [1mSELECT "projects".* FROM "projects" [0m
  Rendered projects/index.html.haml within layouts/application (44.4ms)
Compiled jquery.js  (3ms)  (pid 29865)
Compiled jquery_ujs.js  (0ms)  (pid 29865)
Compiled application.js  (73ms)  (pid 29865)
Completed 200 OK in 389ms (Views: 376.3ms | ActiveRecord: 0.4ms)


Started GET "/assets/application.css?body=1" for 127.0.0.1 at 2015-01-15 16:35:08 -0700
Served asset /application.css - 200 OK (2ms)


Started GET "/assets/jquery.js?body=1" for 127.0.0.1 at 2015-01-15 16:35:08 -0700
Served asset /jquery.js - 200 OK (3ms)


Started GET "/assets/jquery_ujs.js?body=1" for 127.0.0.1 at 2015-01-15 16:35:08 -0700
Served asset /jquery_ujs.js - 200 OK (2ms)


Started GET "/assets/application.js?body=1" for 127.0.0.1 at 2015-01-15 16:35:08 -0700
Served asset /application.js - 200 OK (5ms)


Started GET "/projects" for 127.0.0.1 at 2015-01-15 16:36:04 -0700
Processing by ProjectsController#index as HTML
  [1m[35mProject Load (0.3ms)[0m  SELECT "projects".* FROM "projects" 
  Rendered projects/index.html.haml within layouts/application (6.4ms)
Compiled application.css  (0ms)  (pid 29865)
Completed 200 OK in 36ms (Views: 33.8ms | ActiveRecord: 0.3ms)


Started GET "/assets/application.css?body=1" for 127.0.0.1 at 2015-01-15 16:36:04 -0700
Served asset /application.css - 200 OK (1ms)


Started GET "/assets/application.js?body=1" for 127.0.0.1 at 2015-01-15 16:36:04 -0700
Served asset /application.js - 304 Not Modified (1ms)


Started GET "/assets/jquery_ujs.js?body=1" for 127.0.0.1 at 2015-01-15 16:36:04 -0700
Served asset /jquery_ujs.js - 304 Not Modified (0ms)


Started GET "/assets/jquery.js?body=1" for 127.0.0.1 at 2015-01-15 16:36:04 -0700
Served asset /jquery.js - 304 Not Modified (0ms)


Started GET "/mainlists002" for 127.0.0.1 at 2015-01-15 16:42:27 -0700

ActionController::RoutingError (No route matches [GET] "/mainlists002"):
  actionpack (3.2.14) lib/action_dispatch/middleware/debug_exceptions.rb:21:in `call'
  actionpack (3.2.14) lib/action_dispatch/middleware/show_exceptions.rb:56:in `call'
  railties (3.2.14) lib/rails/rack/logger.rb:32:in `call_app'
  railties (3.2.14) lib/rails/rack/logger.rb:16:in `block in call'
  activesupport (3.2.14) lib/active_support/tagged_logging.rb:22:in `tagged'
  railties (3.2.14) lib/rails/rack/logger.rb:16:in `call'
  actionpack (3.2.14) lib/action_dispatch/middleware/request_id.rb:22:in `call'
  rack (1.4.5) lib/rack/methodoverride.rb:21:in `call'
  rack (1.4.5) lib/rack/runtime.rb:17:in `call'
  activesupport (3.2.14) lib/active_support/cache/strategy/local_cache.rb:72:in `call'
  rack (1.4.5) lib/rack/lock.rb:15:in `call'
  actionpack (3.2.14) lib/action_dispatch/middleware/static.rb:63:in `call'
  railties (3.2.14) lib/rails/engine.rb:484:in `call'
  railties (3.2.14) lib/rails/application.rb:231:in `call'
  rack (1.4.5) lib/rack/content_length.rb:14:in `call'
  railties (3.2.14) lib/rails/rack/log_tailer.rb:17:in `call'
  rack (1.4.5) lib/rack/handler/webrick.rb:59:in `service'
  /home/ben/.rvm/rubies/ruby-1.9.3-p551/lib/ruby/1.9.1/webrick/httpserver.rb:138:in `service'
  /home/ben/.rvm/rubies/ruby-1.9.3-p551/lib/ruby/1.9.1/webrick/httpserver.rb:94:in `run'
  /home/ben/.rvm/rubies/ruby-1.9.3-p551/lib/ruby/1.9.1/webrick/server.rb:191:in `block in start_thread'


  Rendered /home/ben/.rvm/gems/ruby-1.9.3-p551/gems/actionpack-3.2.14/lib/action_dispatch/middleware/templates/rescues/routing_error.erb within rescues/layout (1.0ms)
